Release 13.2 - xst O.61xd (nt64)
Copyright (c) 1995-2011 Xilinx, Inc.  All rights reserved.
--> Parameter TMPDIR set to xst/projnav.tmp


Total REAL time to Xst completion: 0.00 secs
Total CPU time to Xst completion: 0.16 secs
 
--> Parameter xsthdpdir set to xst


Total REAL time to Xst completion: 0.00 secs
Total CPU time to Xst completion: 0.16 secs
 
--> Reading design: vga.prj

TABLE OF CONTENTS
  1) Synthesis Options Summary
  2) HDL Compilation
  3) Design Hierarchy Analysis
  4) HDL Analysis
  5) HDL Synthesis
     5.1) HDL Synthesis Report
  6) Advanced HDL Synthesis
     6.1) Advanced HDL Synthesis Report
  7) Low Level Synthesis
  8) Partition Report
  9) Final Report
	9.1) Device utilization summary
	9.2) Partition Resource Summary
	9.3) TIMING REPORT


=========================================================================
*                      Synthesis Options Summary                        *
=========================================================================
---- Source Parameters
Input File Name                    : "vga.prj"
Input Format                       : mixed
Ignore Synthesis Constraint File   : NO

---- Target Parameters
Output File Name                   : "vga"
Output Format                      : NGC
Target Device                      : xc3s250e-4-tq144

---- Source Options
Top Module Name                    : vga
Automatic FSM Extraction           : YES
FSM Encoding Algorithm             : Auto
Safe Implementation                : No
FSM Style                          : LUT
RAM Extraction                     : Yes
RAM Style                          : Auto
ROM Extraction                     : Yes
Mux Style                          : Auto
Decoder Extraction                 : YES
Priority Encoder Extraction        : Yes
Shift Register Extraction          : YES
Logical Shifter Extraction         : YES
XOR Collapsing                     : YES
ROM Style                          : Auto
Mux Extraction                     : Yes
Resource Sharing                   : YES
Asynchronous To Synchronous        : NO
Multiplier Style                   : Auto
Automatic Register Balancing       : No

---- Target Options
Add IO Buffers                     : YES
Global Maximum Fanout              : 500
Add Generic Clock Buffer(BUFG)     : 24
Register Duplication               : YES
Slice Packing                      : YES
Optimize Instantiated Primitives   : NO
Use Clock Enable                   : Yes
Use Synchronous Set                : Yes
Use Synchronous Reset              : Yes
Pack IO Registers into IOBs        : Auto
Equivalent register Removal        : YES

---- General Options
Optimization Goal                  : Speed
Optimization Effort                : 1
Keep Hierarchy                     : No
Netlist Hierarchy                  : As_Optimized
RTL Output                         : Yes
Global Optimization                : AllClockNets
Read Cores                         : YES
Write Timing Constraints           : NO
Cross Clock Analysis               : NO
Hierarchy Separator                : /
Bus Delimiter                      : <>
Case Specifier                     : Maintain
Slice Utilization Ratio            : 100
BRAM Utilization Ratio             : 100
Verilog 2001                       : YES
Auto BRAM Packing                  : NO
Slice Utilization Ratio Delta      : 5

=========================================================================


=========================================================================
*                          HDL Compilation                              *
=========================================================================
Compiling vhdl file "G:/Xilinx/13.2/ISE_DS/EDK/hw/XilinxProcessorIPLib/pcores/proc_common_v3_00_a/hdl/vhdl/proc_common_pkg.vhd" in Library proc_common_v3_00_a.
Architecture proc_common_pkg of Entity proc_common_pkg is up to date.
Compiling vhdl file "G:/Xilinx/13.2/ISE_DS/EDK/hw/XilinxProcessorIPLib/pcores/proc_common_v3_00_a/hdl/vhdl/or_muxcy.vhd" in Library proc_common_v3_00_a.
Architecture implementation of Entity or_muxcy is up to date.
Compiling vhdl file "G:/Xilinx/13.2/ISE_DS/EDK/hw/XilinxProcessorIPLib/pcores/proc_common_v3_00_a/hdl/vhdl/family_support.vhd" in Library proc_common_v3_00_a.
Architecture family_support of Entity family_support is up to date.
Compiling vhdl file "G:/Xilinx/13.2/ISE_DS/EDK/hw/XilinxProcessorIPLib/pcores/proc_common_v3_00_a/hdl/vhdl/counter_f.vhd" in Library proc_common_v3_00_a.
Architecture imp of Entity counter_f is up to date.
Compiling vhdl file "G:/Xilinx/13.2/ISE_DS/EDK/hw/XilinxProcessorIPLib/pcores/proc_common_v3_00_a/hdl/vhdl/pselect_f.vhd" in Library proc_common_v3_00_a.
Architecture imp of Entity pselect_f is up to date.
Compiling vhdl file "G:/Xilinx/13.2/ISE_DS/EDK/hw/XilinxProcessorIPLib/pcores/proc_common_v3_00_a/hdl/vhdl/or_gate128.vhd" in Library proc_common_v3_00_a.
Architecture imp of Entity or_gate128 is up to date.
Compiling vhdl file "G:/Xilinx/13.2/ISE_DS/EDK/hw/XilinxProcessorIPLib/pcores/proc_common_v3_00_a/hdl/vhdl/ipif_pkg.vhd" in Library proc_common_v3_00_a.
Architecture ipif_pkg of Entity ipif_pkg is up to date.
Compiling vhdl file "G:/Xilinx/13.2/ISE_DS/EDK/hw/XilinxProcessorIPLib/pcores/plbv46_slave_single_v1_01_a/hdl/vhdl/plb_address_decoder.vhd" in Library plbv46_slave_single_v1_01_a.
Architecture imp of Entity plb_address_decoder is up to date.
Compiling vhdl file "G:/Xilinx/13.2/ISE_DS/EDK/hw/XilinxProcessorIPLib/pcores/plbv46_slave_single_v1_01_a/hdl/vhdl/plb_slave_attachment.vhd" in Library plbv46_slave_single_v1_01_a.
Architecture implementation of Entity plb_slave_attachment is up to date.
Compiling vhdl file "G:/Xilinx/13.2/ISE_DS/EDK/hw/XilinxProcessorIPLib/pcores/plbv46_slave_single_v1_01_a/hdl/vhdl/plbv46_slave_single.vhd" in Library plbv46_slave_single_v1_01_a.
Architecture implementation of Entity plbv46_slave_single is up to date.
Compiling vhdl file "G:/Sandboxes/Xilinx/calculator/pcores/vga_v1_00_a/hdl/vhdl/vga.vhd" in Library work.
Architecture imp of Entity vga is up to date.
Compiling verilog file "../../hdl/verilog/user_logic.v" in library work
Module <user_logic> compiled
No errors in compilation
Analysis of file <"vga.prj"> succeeded.
 

=========================================================================
*                     Design Hierarchy Analysis                         *
=========================================================================
Analyzing hierarchy for entity <vga> in library <work> (architecture <imp>) with generics.
	C_FAMILY = "virtex6"
	C_INCLUDE_DPHASE_TIMER = 1
	C_MEM0_BASEADDR = "11111111111111111111111111111111"
	C_MEM0_HIGHADDR = "00000000000000000000000000000000"
	C_MEM1_BASEADDR = "11111111111111111111111111111111"
	C_MEM1_HIGHADDR = "00000000000000000000000000000000"
	C_SPLB_AWIDTH = 32
	C_SPLB_CLK_PERIOD_PS = 10000
	C_SPLB_DWIDTH = 128
	C_SPLB_MID_WIDTH = 3
	C_SPLB_NATIVE_DWIDTH = 32
	C_SPLB_NUM_MASTERS = 8
	C_SPLB_P2P = 0
	C_SPLB_SMALLEST_MASTER = 32
	C_SPLB_SUPPORT_BURSTS = 0

Analyzing hierarchy for entity <plbv46_slave_single> in library <plbv46_slave_single_v1_01_a> (architecture <implementation>) with generics.
	C_ARD_ADDR_RANGE_ARRAY = ("0000000000000000000000000000000011111111111111111111111111111111",
	                          "0000000000000000000000000000000000000000000000000000000000000000",
	                          "0000000000000000000000000000000011111111111111111111111111111111",
	                          "0000000000000000000000000000000000000000000000000000000000000000")
	C_ARD_NUM_CE_ARRAY = (1,1)
	C_BUS2CORE_CLK_RATIO = 1
	C_FAMILY = "virtex6"
	C_INCLUDE_DPHASE_TIMER = 1
	C_SIPIF_DWIDTH = 32
	C_SPLB_AWIDTH = 32
	C_SPLB_DWIDTH = 128
	C_SPLB_MID_WIDTH = 3
	C_SPLB_NUM_MASTERS = 8
	C_SPLB_P2P = 0

Analyzing hierarchy for module <user_logic> in library <work> with parameters.
	C_NUM_MEM = "00000000000000000000000000000010"
	C_SLV_AWIDTH = "00000000000000000000000000100000"
	C_SLV_DWIDTH = "00000000000000000000000000100000"
	RAM_ADDR_BITS = "00000000000000000000000000100000"
	RAM_WIDTH = "00000000000000000000000000100000"

Analyzing hierarchy for entity <plb_slave_attachment> in library <plbv46_slave_single_v1_01_a> (architecture <implementation>) with generics.
	C_ARD_ADDR_RANGE_ARRAY = ("0000000000000000000000000000000011111111111111111111111111111111",
	                          "0000000000000000000000000000000000000000000000000000000000000000",
	                          "0000000000000000000000000000000011111111111111111111111111111111",
	                          "0000000000000000000000000000000000000000000000000000000000000000")
	C_ARD_NUM_CE_ARRAY = (1,1)
	C_BUS2CORE_CLK_RATIO = 1
	C_DPHASE_TIMEOUT = 128
	C_FAMILY = "virtex6"
	C_INCLUDE_DPHASE_TIMER = 1
	C_IPIF_ABUS_WIDTH = 32
	C_IPIF_DBUS_WIDTH = 32
	C_PLB_MID_WIDTH = 3
	C_PLB_NUM_MASTERS = 8
	C_SPLB_P2P = 0

Analyzing hierarchy for entity <plb_address_decoder> in library <plbv46_slave_single_v1_01_a> (architecture <IMP>) with generics.
	C_ARD_ADDR_RANGE_ARRAY = ("0000000000000000000000000000000011111111111111111111111111111111",
	                          "0000000000000000000000000000000000000000000000000000000000000000",
	                          "0000000000000000000000000000000011111111111111111111111111111111",
	                          "0000000000000000000000000000000000000000000000000000000000000000")
	C_ARD_NUM_CE_ARRAY = (1,1)
	C_BUS_AWIDTH = 32
	C_FAMILY = "nofamily"
	C_SPLB_P2P = 0

Analyzing hierarchy for entity <counter_f> in library <proc_common_v3_00_a> (architecture <imp>) with generics.
	C_FAMILY = "nofamily"
	C_NUM_BITS = 8

Analyzing hierarchy for entity <pselect_f> in library <proc_common_v3_00_a> (architecture <imp>) with generics.
	C_AB = 0
	C_AW = 32
	C_BAR = "11111111111111111111111111111111"
	C_FAMILY = "nofamily"

Analyzing hierarchy for entity <or_gate128> in library <proc_common_v3_00_a> (architecture <imp>) with generics.
	C_BUS_WIDTH = 1
	C_OR_WIDTH = 2
	C_USE_LUT_OR = false

Analyzing hierarchy for entity <or_muxcy> in library <proc_common_v3_00_a> (architecture <implementation>) with generics.
	C_NUM_BITS = 2


=========================================================================
*                            HDL Analysis                               *
=========================================================================
Analyzing generic Entity <vga> in library <work> (Architecture <imp>).
	C_FAMILY = "virtex6"
	C_INCLUDE_DPHASE_TIMER = 1
	C_MEM0_BASEADDR = "11111111111111111111111111111111"
	C_MEM0_HIGHADDR = "00000000000000000000000000000000"
	C_MEM1_BASEADDR = "11111111111111111111111111111111"
	C_MEM1_HIGHADDR = "00000000000000000000000000000000"
	C_SPLB_AWIDTH = 32
	C_SPLB_CLK_PERIOD_PS = 10000
	C_SPLB_DWIDTH = 128
	C_SPLB_MID_WIDTH = 3
	C_SPLB_NATIVE_DWIDTH = 32
	C_SPLB_NUM_MASTERS = 8
	C_SPLB_P2P = 0
	C_SPLB_SMALLEST_MASTER = 32
	C_SPLB_SUPPORT_BURSTS = 0
WARNING:Xst:37 - Detected unknown constraint/property "SIGIS". This constraint/property is not supported by the current software release and will be ignored.
WARNING:Xst:37 - Detected unknown constraint/property "SIGIS". This constraint/property is not supported by the current software release and will be ignored.
Entity <vga> analyzed. Unit <vga> generated.

Analyzing generic Entity <plbv46_slave_single> in library <plbv46_slave_single_v1_01_a> (Architecture <implementation>).
	C_ARD_ADDR_RANGE_ARRAY = ("0000000000000000000000000000000011111111111111111111111111111111",
	                          "0000000000000000000000000000000000000000000000000000000000000000",
	                          "0000000000000000000000000000000011111111111111111111111111111111",
	                          "0000000000000000000000000000000000000000000000000000000000000000")
	C_ARD_NUM_CE_ARRAY = (1,1)
	C_BUS2CORE_CLK_RATIO = 1
	C_FAMILY = "virtex6"
	C_INCLUDE_DPHASE_TIMER = 1
	C_SIPIF_DWIDTH = 32
	C_SPLB_AWIDTH = 32
	C_SPLB_DWIDTH = 128
	C_SPLB_MID_WIDTH = 3
	C_SPLB_NUM_MASTERS = 8
	C_SPLB_P2P = 0
INFO:Xst:1561 - "G:/Xilinx/13.2/ISE_DS/EDK/hw/XilinxProcessorIPLib/pcores/plbv46_slave_single_v1_01_a/hdl/vhdl/plbv46_slave_single.vhd" line 535: Mux is complete : default of case is discarded
Entity <plbv46_slave_single> analyzed. Unit <plbv46_slave_single> generated.

Analyzing generic Entity <plb_slave_attachment> in library <plbv46_slave_single_v1_01_a> (Architecture <implementation>).
	C_ARD_ADDR_RANGE_ARRAY = ("0000000000000000000000000000000011111111111111111111111111111111",
	                          "0000000000000000000000000000000000000000000000000000000000000000",
	                          "0000000000000000000000000000000011111111111111111111111111111111",
	                          "0000000000000000000000000000000000000000000000000000000000000000")
	C_ARD_NUM_CE_ARRAY = (1,1)
	C_BUS2CORE_CLK_RATIO = 1
	C_DPHASE_TIMEOUT = 128
	C_FAMILY = "virtex6"
	C_INCLUDE_DPHASE_TIMER = 1
	C_IPIF_ABUS_WIDTH = 32
	C_IPIF_DBUS_WIDTH = 32
	C_PLB_MID_WIDTH = 3
	C_PLB_NUM_MASTERS = 8
	C_SPLB_P2P = 0
WARNING:Xst:753 - "G:/Xilinx/13.2/ISE_DS/EDK/hw/XilinxProcessorIPLib/pcores/plbv46_slave_single_v1_01_a/hdl/vhdl/plb_slave_attachment.vhd" line 1201: Unconnected output port 'Count_Out' of component 'counter_f'.
Entity <plb_slave_attachment> analyzed. Unit <plb_slave_attachment> generated.

Analyzing generic Entity <plb_address_decoder> in library <plbv46_slave_single_v1_01_a> (Architecture <IMP>).
	C_ARD_ADDR_RANGE_ARRAY = ("0000000000000000000000000000000011111111111111111111111111111111",
	                          "0000000000000000000000000000000000000000000000000000000000000000",
	                          "0000000000000000000000000000000011111111111111111111111111111111",
	                          "0000000000000000000000000000000000000000000000000000000000000000")
	C_ARD_NUM_CE_ARRAY = (1,1)
	C_BUS_AWIDTH = 32
	C_FAMILY = "nofamily"
	C_SPLB_P2P = 0
Entity <plb_address_decoder> analyzed. Unit <plb_address_decoder> generated.

Analyzing generic Entity <pselect_f> in library <proc_common_v3_00_a> (Architecture <imp>).
	C_AB = 0
	C_AW = 32
	C_BAR = "11111111111111111111111111111111"
	C_FAMILY = "nofamily"
Entity <pselect_f> analyzed. Unit <pselect_f> generated.

Analyzing generic Entity <or_gate128> in library <proc_common_v3_00_a> (Architecture <imp>).
	C_BUS_WIDTH = 1
	C_OR_WIDTH = 2
	C_USE_LUT_OR = false
Entity <or_gate128> analyzed. Unit <or_gate128> generated.

Analyzing generic Entity <or_muxcy> in library <proc_common_v3_00_a> (Architecture <implementation>).
	C_NUM_BITS = 2
Entity <or_muxcy> analyzed. Unit <or_muxcy> generated.

Analyzing generic Entity <counter_f> in library <proc_common_v3_00_a> (Architecture <imp>).
	C_FAMILY = "nofamily"
	C_NUM_BITS = 8
Entity <counter_f> analyzed. Unit <counter_f> generated.

Analyzing module <user_logic> in library <work>.
	C_NUM_MEM = 32'sb00000000000000000000000000000010
	C_SLV_AWIDTH = 32'sb00000000000000000000000000100000
	C_SLV_DWIDTH = 32'sb00000000000000000000000000100000
	RAM_ADDR_BITS = 32'sb00000000000000000000000000100000
	RAM_WIDTH = 32'sb00000000000000000000000000100000
Module <user_logic> is correct for synthesis.
 
WARNING:Xst:38 - Value "{ BLOCK }" of property "RAM_STYLE" not applicable.
WARNING:Xst:38 - Value "{ BLOCK }" of property "RAM_STYLE" not applicable.

=========================================================================
*                           HDL Synthesis                               *
=========================================================================

Performing bidirectional port resolution...

Synthesizing Unit <user_logic>.
    Related source file is "../../hdl/verilog/user_logic.v".
WARNING:Xst:647 - Input <Bus2IP_RNW> is never used. This port will be preserved and left unconnected if it belongs to a top-level block or it belongs to a sub-block and the hierarchy of this sub-block is preserved.
WARNING:Xst:647 - Input <Bus2IP_Addr> is never used. This port will be preserved and left unconnected if it belongs to a top-level block or it belongs to a sub-block and the hierarchy of this sub-block is preserved.
WARNING:Xst:647 - Input <Bus2IP_BE> is never used. This port will be preserved and left unconnected if it belongs to a top-level block or it belongs to a sub-block and the hierarchy of this sub-block is preserved.
WARNING:Xst:646 - Signal <video_out> is assigned but never used. This unconnected signal will be trimmed during the optimization process.
WARNING:Xst:1780 - Signal <video_mem<0><-1:32>> is never used or assigned. This unconnected signal will be trimmed during the optimization process.
WARNING:Xst:1780 - Signal <vga_read_address> is never used or assigned. This unconnected signal will be trimmed during the optimization process.
WARNING:Xst:646 - Signal <vga_output_data> is assigned but never used. This unconnected signal will be trimmed during the optimization process.
WARNING:Xst:1780 - Signal <char_mem<0><-1:32>> is never used or assigned. This unconnected signal will be trimmed during the optimization process.
    Found 1-bit register for signal <h_sync>.
    Found 1-bit register for signal <v_sync>.
    Found 7-bit register for signal <video>.
    Found 1-bit register for signal <blank_x_str>.
    Found 1-bit register for signal <blank_y_str>.
    Found 1-bit register for signal <hsync_phase1>.
    Found 1-bit register for signal <hsync_phase2>.
    Found 2-bit register for signal <shf_blank_x>.
    Found 2-bit register for signal <shf_blank_y>.
    Found 1-bit register for signal <vsync_phase1>.
    Found 1-bit register for signal <vsync_phase2>.
    Found 10-bit up counter for signal <x>.
    Found 10-bit up counter for signal <y>.
    Summary:
	inferred   2 Counter(s).
	inferred  19 D-type flip-flop(s).
Unit <user_logic> synthesized.


Synthesizing Unit <counter_f>.
    Related source file is "G:/Xilinx/13.2/ISE_DS/EDK/hw/XilinxProcessorIPLib/pcores/proc_common_v3_00_a/hdl/vhdl/counter_f.vhd".
    Found 9-bit register for signal <icount_out>.
    Found 9-bit subtractor for signal <icount_out$sub0000> created at line 297.
    Summary:
	inferred   9 D-type flip-flop(s).
	inferred   1 Adder/Subtractor(s).
Unit <counter_f> synthesized.


Synthesizing Unit <pselect_f>.
    Related source file is "G:/Xilinx/13.2/ISE_DS/EDK/hw/XilinxProcessorIPLib/pcores/proc_common_v3_00_a/hdl/vhdl/pselect_f.vhd".
WARNING:Xst:647 - Input <A> is never used. This port will be preserved and left unconnected if it belongs to a top-level block or it belongs to a sub-block and the hierarchy of this sub-block is preserved.
Unit <pselect_f> synthesized.


Synthesizing Unit <or_muxcy>.
    Related source file is "G:/Xilinx/13.2/ISE_DS/EDK/hw/XilinxProcessorIPLib/pcores/proc_common_v3_00_a/hdl/vhdl/or_muxcy.vhd".
Unit <or_muxcy> synthesized.


Synthesizing Unit <or_gate128>.
    Related source file is "G:/Xilinx/13.2/ISE_DS/EDK/hw/XilinxProcessorIPLib/pcores/proc_common_v3_00_a/hdl/vhdl/or_gate128.vhd".
WARNING:Xst:1780 - Signal <test> is never used or assigned. This unconnected signal will be trimmed during the optimization process.
Unit <or_gate128> synthesized.


Synthesizing Unit <plb_address_decoder>.
    Related source file is "G:/Xilinx/13.2/ISE_DS/EDK/hw/XilinxProcessorIPLib/pcores/plbv46_slave_single_v1_01_a/hdl/vhdl/plb_address_decoder.vhd".
WARNING:Xst:647 - Input <Bus_RNW_Erly> is never used. This port will be preserved and left unconnected if it belongs to a top-level block or it belongs to a sub-block and the hierarchy of this sub-block is preserved.
WARNING:Xst:647 - Input <Address_In_Erly> is never used. This port will be preserved and left unconnected if it belongs to a top-level block or it belongs to a sub-block and the hierarchy of this sub-block is preserved.
WARNING:Xst:647 - Input <Address_Valid_Erly> is never used. This port will be preserved and left unconnected if it belongs to a top-level block or it belongs to a sub-block and the hierarchy of this sub-block is preserved.
WARNING:Xst:646 - Signal <cs_s_h_clr> is assigned but never used. This unconnected signal will be trimmed during the optimization process.
WARNING:Xst:1780 - Signal <cs_out_s_h0<0>> is never used or assigned. This unconnected signal will be trimmed during the optimization process.
WARNING:Xst:1780 - Signal <cs_out_s_h<1>> is never used or assigned. This unconnected signal will be trimmed during the optimization process.
WARNING:Xst:646 - Signal <cs_ce_clr> is assigned but never used. This unconnected signal will be trimmed during the optimization process.
WARNING:Xst:646 - Signal <addr_out_s_h> is assigned but never used. This unconnected signal will be trimmed during the optimization process.
WARNING:Xst:646 - Signal <addr_match_clr> is assigned but never used. This unconnected signal will be trimmed during the optimization process.
    Found 2-bit register for signal <cs_out_i>.
    Found 1-bit register for signal <cs_out_s_h<0>>.
    Found 1-bit register for signal <cs_out_s_h0<1>>.
    Found 1-bit register for signal <decode_hit_reg>.
    Found 2-bit register for signal <rdce_out_i>.
    Found 1-bit register for signal <rnw_s_h>.
    Found 2-bit register for signal <wrce_out_i>.
    Summary:
	inferred  10 D-type flip-flop(s).
Unit <plb_address_decoder> synthesized.


Synthesizing Unit <plb_slave_attachment>.
    Related source file is "G:/Xilinx/13.2/ISE_DS/EDK/hw/XilinxProcessorIPLib/pcores/plbv46_slave_single_v1_01_a/hdl/vhdl/plb_slave_attachment.vhd".
WARNING:Xst:647 - Input <PLB_UABus> is never used. This port will be preserved and left unconnected if it belongs to a top-level block or it belongs to a sub-block and the hierarchy of this sub-block is preserved.
WARNING:Xst:1780 - Signal <valid_plb_type> is never used or assigned. This unconnected signal will be trimmed during the optimization process.
WARNING:Xst:1780 - Signal <valid_plb_size> is never used or assigned. This unconnected signal will be trimmed during the optimization process.
WARNING:Xst:646 - Signal <start_data_phase> is assigned but never used. This unconnected signal will be trimmed during the optimization process.
WARNING:Xst:1780 - Signal <sl_wrdack_ns> is never used or assigned. This unconnected signal will be trimmed during the optimization process.
WARNING:Xst:1780 - Signal <sl_wrcomp_ns> is never used or assigned. This unconnected signal will be trimmed during the optimization process.
WARNING:Xst:1780 - Signal <sl_wait_ns> is never used or assigned. This unconnected signal will be trimmed during the optimization process.
WARNING:Xst:1780 - Signal <sl_rddack_ns> is never used or assigned. This unconnected signal will be trimmed during the optimization process.
WARNING:Xst:1780 - Signal <sl_rdcomp_ns> is never used or assigned. This unconnected signal will be trimmed during the optimization process.
WARNING:Xst:1780 - Signal <sl_data_ack> is never used or assigned. This unconnected signal will be trimmed during the optimization process.
WARNING:Xst:1780 - Signal <set_sl_busy_ns> is never used or assigned. This unconnected signal will be trimmed during the optimization process.
WARNING:Xst:1780 - Signal <rd_ce_ld_enable> is never used or assigned. This unconnected signal will be trimmed during the optimization process.
WARNING:Xst:1780 - Signal <clear_sl_rd_busy_ns> is never used or assigned. This unconnected signal will be trimmed during the optimization process.
WARNING:Xst:1780 - Signal <clear_sl_rd_busy> is never used or assigned. This unconnected signal will be trimmed during the optimization process.
WARNING:Xst:1780 - Signal <clear_sl_busy_ns> is never used or assigned. This unconnected signal will be trimmed during the optimization process.
WARNING:Xst:1780 - Signal <clear_rd_ce> is never used or assigned. This unconnected signal will be trimmed during the optimization process.
    Register <sl_rdcomp_i> equivalent to <rd_clear_sl_busy> has been removed
    Register <sl_rddack_i> equivalent to <rd_clear_sl_busy> has been removed
    Register <sl_addrack_i> equivalent to <set_sl_busy> has been removed
    Register <sl_wrdack_i> equivalent to <sl_wrcomp_i> has been removed
    Register <wr_clear_sl_busy> equivalent to <sl_wrcomp_i> has been removed
    Found 1-bit register for signal <addr_cntl_cs<0>>.
    Found 1-bit register for signal <addr_cycle_flush>.
    Found 32-bit register for signal <bus2ip_addr_i>.
    Found 4-bit register for signal <bus2ip_be_i>.
    Found 1-bit register for signal <bus2ip_rnw_i>.
    Found 1-bit register for signal <data_timeout>.
    Found 3-bit register for signal <master_id>.
    Found 32-bit register for signal <plb_abus_reg>.
    Found 4-bit register for signal <plb_be_reg>.
    Found 3-bit register for signal <plb_masterid_reg>.
    Found 1-bit register for signal <plb_pavalid_reg>.
    Found 1-bit register for signal <plb_rnw_reg>.
    Found 4-bit register for signal <plb_size_reg>.
    Found 3-bit register for signal <plb_type_reg>.
    Found 32-bit register for signal <plb_wrdbus_reg>.
    Found 1-bit register for signal <rd_clear_sl_busy>.
    Found 1-bit register for signal <set_sl_busy>.
    Found 1-bit register for signal <sl_busy>.
    Found 8-bit register for signal <sl_mbusy_i>.
    Found 8-bit register for signal <sl_mrderr_i>.
    Found 8-bit register for signal <sl_mwrerr_i>.
    Found 32-bit register for signal <sl_rddbus_i>.
    Found 1-bit register for signal <sl_rearbitrate_i>.
    Found 1-bit register for signal <sl_wrcomp_i>.
    Summary:
	inferred 184 D-type flip-flop(s).
Unit <plb_slave_attachment> synthesized.


Synthesizing Unit <plbv46_slave_single>.
    Related source file is "G:/Xilinx/13.2/ISE_DS/EDK/hw/XilinxProcessorIPLib/pcores/plbv46_slave_single_v1_01_a/hdl/vhdl/plbv46_slave_single.vhd".
WARNING:Xst:647 - Input <PLB_wrPrim> is never used. This port will be preserved and left unconnected if it belongs to a top-level block or it belongs to a sub-block and the hierarchy of this sub-block is preserved.
WARNING:Xst:647 - Input <PLB_MSize> is never used. This port will be preserved and left unconnected if it belongs to a top-level block or it belongs to a sub-block and the hierarchy of this sub-block is preserved.
WARNING:Xst:647 - Input <PLB_rdBurst> is never used. This port will be preserved and left unconnected if it belongs to a top-level block or it belongs to a sub-block and the hierarchy of this sub-block is preserved.
WARNING:Xst:647 - Input <PLB_SAValid> is never used. This port will be preserved and left unconnected if it belongs to a top-level block or it belongs to a sub-block and the hierarchy of this sub-block is preserved.
WARNING:Xst:647 - Input <PLB_wrPendReq> is never used. This port will be preserved and left unconnected if it belongs to a top-level block or it belongs to a sub-block and the hierarchy of this sub-block is preserved.
WARNING:Xst:647 - Input <PLB_wrPendPri> is never used. This port will be preserved and left unconnected if it belongs to a top-level block or it belongs to a sub-block and the hierarchy of this sub-block is preserved.
WARNING:Xst:647 - Input <PLB_rdPendReq> is never used. This port will be preserved and left unconnected if it belongs to a top-level block or it belongs to a sub-block and the hierarchy of this sub-block is preserved.
WARNING:Xst:647 - Input <PLB_rdPendPri> is never used. This port will be preserved and left unconnected if it belongs to a top-level block or it belongs to a sub-block and the hierarchy of this sub-block is preserved.
WARNING:Xst:647 - Input <PLB_busLock> is never used. This port will be preserved and left unconnected if it belongs to a top-level block or it belongs to a sub-block and the hierarchy of this sub-block is preserved.
WARNING:Xst:647 - Input <PLB_wrDBus<32:127>> is never used. This port will be preserved and left unconnected if it belongs to a top-level block or it belongs to a sub-block and the hierarchy of this sub-block is preserved.
WARNING:Xst:647 - Input <PLB_reqPri> is never used. This port will be preserved and left unconnected if it belongs to a top-level block or it belongs to a sub-block and the hierarchy of this sub-block is preserved.
WARNING:Xst:647 - Input <PLB_lockErr> is never used. This port will be preserved and left unconnected if it belongs to a top-level block or it belongs to a sub-block and the hierarchy of this sub-block is preserved.
WARNING:Xst:647 - Input <PLB_wrBurst> is never used. This port will be preserved and left unconnected if it belongs to a top-level block or it belongs to a sub-block and the hierarchy of this sub-block is preserved.
WARNING:Xst:647 - Input <PLB_TAttribute> is never used. This port will be preserved and left unconnected if it belongs to a top-level block or it belongs to a sub-block and the hierarchy of this sub-block is preserved.
WARNING:Xst:647 - Input <PLB_rdPrim> is never used. This port will be preserved and left unconnected if it belongs to a top-level block or it belongs to a sub-block and the hierarchy of this sub-block is preserved.
WARNING:Xst:647 - Input <PLB_abort> is never used. This port will be preserved and left unconnected if it belongs to a top-level block or it belongs to a sub-block and the hierarchy of this sub-block is preserved.
    Found 4-bit 4-to-1 multiplexer for signal <plb_be_muxed>.
    Summary:
	inferred   4 Multiplexer(s).
Unit <plbv46_slave_single> synthesized.


Synthesizing Unit <vga>.
    Related source file is "G:/Sandboxes/Xilinx/calculator/pcores/vga_v1_00_a/hdl/vhdl/vga.vhd".
WARNING:Xst:646 - Signal <ipif_Bus2IP_WrCE> is assigned but never used. This unconnected signal will be trimmed during the optimization process.
WARNING:Xst:646 - Signal <ipif_Bus2IP_RdCE> is assigned but never used. This unconnected signal will be trimmed during the optimization process.
    Found 32-bit 4-to-1 multiplexer for signal <ipif_IP2Bus_Data>.
    Summary:
	inferred  32 Multiplexer(s).
Unit <vga> synthesized.


=========================================================================
HDL Synthesis Report

Macro Statistics
# Adders/Subtractors                                   : 1
 9-bit subtractor                                      : 1
# Counters                                             : 2
 10-bit up counter                                     : 2
# Registers                                            : 67
 1-bit register                                        : 53
 2-bit register                                        : 2
 3-bit register                                        : 3
 32-bit register                                       : 4
 4-bit register                                        : 3
 7-bit register                                        : 1
 9-bit register                                        : 1
# Multiplexers                                         : 2
 32-bit 4-to-1 multiplexer                             : 1
 4-bit 4-to-1 multiplexer                              : 1

=========================================================================

=========================================================================
*                       Advanced HDL Synthesis                          *
=========================================================================

INFO:Xst:2261 - The FF/Latch <video_6> in Unit <USER_LOGIC_I> is equivalent to the following 3 FFs/Latches, which will be removed : <video_4> <video_3> <video_0> 
INFO:Xst:2261 - The FF/Latch <video_5> in Unit <USER_LOGIC_I> is equivalent to the following 2 FFs/Latches, which will be removed : <video_2> <video_1> 
WARNING:Xst:1710 - FF/Latch <video_6> (without init value) has a constant value of 0 in block <USER_LOGIC_I>. This FF/Latch will be trimmed during the optimization process.
WARNING:Xst:1710 - FF/Latch <sl_mrderr_i_7> (without init value) has a constant value of 0 in block <I_SLAVE_ATTACHMENT>. This FF/Latch will be trimmed during the optimization process.
WARNING:Xst:1710 - FF/Latch <sl_mrderr_i_6> (without init value) has a constant value of 0 in block <I_SLAVE_ATTACHMENT>. This FF/Latch will be trimmed during the optimization process.
WARNING:Xst:1710 - FF/Latch <sl_mrderr_i_5> (without init value) has a constant value of 0 in block <I_SLAVE_ATTACHMENT>. This FF/Latch will be trimmed during the optimization process.
WARNING:Xst:1710 - FF/Latch <sl_mrderr_i_4> (without init value) has a constant value of 0 in block <I_SLAVE_ATTACHMENT>. This FF/Latch will be trimmed during the optimization process.
WARNING:Xst:1710 - FF/Latch <sl_mrderr_i_3> (without init value) has a constant value of 0 in block <I_SLAVE_ATTACHMENT>. This FF/Latch will be trimmed during the optimization process.
WARNING:Xst:1710 - FF/Latch <sl_mrderr_i_2> (without init value) has a constant value of 0 in block <I_SLAVE_ATTACHMENT>. This FF/Latch will be trimmed during the optimization process.
WARNING:Xst:1710 - FF/Latch <sl_mrderr_i_0> (without init value) has a constant value of 0 in block <I_SLAVE_ATTACHMENT>. This FF/Latch will be trimmed during the optimization process.
WARNING:Xst:1710 - FF/Latch <sl_mrderr_i_1> (without init value) has a constant value of 0 in block <I_SLAVE_ATTACHMENT>. This FF/Latch will be trimmed during the optimization process.
WARNING:Xst:1710 - FF/Latch <sl_mwrerr_i_6> (without init value) has a constant value of 0 in block <I_SLAVE_ATTACHMENT>. This FF/Latch will be trimmed during the optimization process.
WARNING:Xst:1710 - FF/Latch <sl_mwrerr_i_7> (without init value) has a constant value of 0 in block <I_SLAVE_ATTACHMENT>. This FF/Latch will be trimmed during the optimization process.
WARNING:Xst:1710 - FF/Latch <sl_mwrerr_i_5> (without init value) has a constant value of 0 in block <I_SLAVE_ATTACHMENT>. This FF/Latch will be trimmed during the optimization process.
WARNING:Xst:1710 - FF/Latch <sl_mwrerr_i_4> (without init value) has a constant value of 0 in block <I_SLAVE_ATTACHMENT>. This FF/Latch will be trimmed during the optimization process.
WARNING:Xst:1710 - FF/Latch <sl_mwrerr_i_3> (without init value) has a constant value of 0 in block <I_SLAVE_ATTACHMENT>. This FF/Latch will be trimmed during the optimization process.
WARNING:Xst:1710 - FF/Latch <sl_mwrerr_i_2> (without init value) has a constant value of 0 in block <I_SLAVE_ATTACHMENT>. This FF/Latch will be trimmed during the optimization process.
WARNING:Xst:1710 - FF/Latch <sl_mwrerr_i_0> (without init value) has a constant value of 0 in block <I_SLAVE_ATTACHMENT>. This FF/Latch will be trimmed during the optimization process.
WARNING:Xst:1710 - FF/Latch <sl_mwrerr_i_1> (without init value) has a constant value of 0 in block <I_SLAVE_ATTACHMENT>. This FF/Latch will be trimmed during the optimization process.
WARNING:Xst:2404 -  FFs/Latches <video<0:5>> (without init value) have a constant value of 0 in block <user_logic>.

=========================================================================
Advanced HDL Synthesis Report

Macro Statistics
# Adders/Subtractors                                   : 1
 9-bit subtractor                                      : 1
# Counters                                             : 2
 10-bit up counter                                     : 2
# Registers                                            : 221
 Flip-Flops                                            : 221
# Multiplexers                                         : 2
 32-bit 4-to-1 multiplexer                             : 1
 4-bit 4-to-1 multiplexer                              : 1

=========================================================================

=========================================================================
*                         Low Level Synthesis                           *
=========================================================================
WARNING:Xst:1989 - Unit <plb_address_decoder>: instances <MEM_DECODE_GEN[0].GEN_PLB_SHARED.MEM_SELECT_I>, <MEM_DECODE_GEN[1].GEN_PLB_SHARED.MEM_SELECT_I> of unit <pselect_f> are equivalent, second instance is removed
WARNING:Xst:1710 - FF/Latch <video_5> (without init value) has a constant value of 0 in block <user_logic>. This FF/Latch will be trimmed during the optimization process.
WARNING:Xst:1895 - Due to other FF/Latch trimming, FF/Latch <video_3> (without init value) has a constant value of 0 in block <user_logic>. This FF/Latch will be trimmed during the optimization process.
WARNING:Xst:1895 - Due to other FF/Latch trimming, FF/Latch <video_2> (without init value) has a constant value of 0 in block <user_logic>. This FF/Latch will be trimmed during the optimization process.
INFO:Xst:2261 - The FF/Latch <video_4> in Unit <user_logic> is equivalent to the following 2 FFs/Latches, which will be removed : <video_1> <video_0> 
INFO:Xst:2261 - The FF/Latch <wrce_out_i_1> in Unit <plb_address_decoder> is equivalent to the following FF/Latch, which will be removed : <wrce_out_i_0> 
INFO:Xst:2261 - The FF/Latch <cs_out_s_h0_1> in Unit <plb_address_decoder> is equivalent to the following FF/Latch, which will be removed : <cs_out_s_h_0> 
INFO:Xst:2261 - The FF/Latch <rdce_out_i_1> in Unit <plb_address_decoder> is equivalent to the following FF/Latch, which will be removed : <rdce_out_i_0> 
INFO:Xst:2261 - The FF/Latch <cs_out_i_1> in Unit <plb_address_decoder> is equivalent to the following FF/Latch, which will be removed : <cs_out_i_0> 
INFO:Xst:2261 - The FF/Latch <addr_cntl_cs_0> in Unit <plb_slave_attachment> is equivalent to the following FF/Latch, which will be removed : <addr_cycle_flush> 

Optimizing unit <vga> ...

Optimizing unit <user_logic> ...

Optimizing unit <counter_f> ...

Optimizing unit <plb_address_decoder> ...

Optimizing unit <plb_slave_attachment> ...
WARNING:Xst:1710 - FF/Latch <PLBV46_SLAVE_SINGLE_I/I_SLAVE_ATTACHMENT/sl_rddbus_i_13> (without init value) has a constant value of 0 in block <vga>. This FF/Latch will be trimmed during the optimization process.
WARNING:Xst:1895 - Due to other FF/Latch trimming, FF/Latch <PLBV46_SLAVE_SINGLE_I/I_SLAVE_ATTACHMENT/sl_rddbus_i_14> (without init value) has a constant value of 0 in block <vga>. This FF/Latch will be trimmed during the optimization process.
WARNING:Xst:1895 - Due to other FF/Latch trimming, FF/Latch <PLBV46_SLAVE_SINGLE_I/I_SLAVE_ATTACHMENT/sl_rddbus_i_15> (without init value) has a constant value of 0 in block <vga>. This FF/Latch will be trimmed during the optimization process.
WARNING:Xst:1895 - Due to other FF/Latch trimming, FF/Latch <PLBV46_SLAVE_SINGLE_I/I_SLAVE_ATTACHMENT/sl_rddbus_i_16> (without init value) has a constant value of 0 in block <vga>. This FF/Latch will be trimmed during the optimization process.
WARNING:Xst:1895 - Due to other FF/Latch trimming, FF/Latch <PLBV46_SLAVE_SINGLE_I/I_SLAVE_ATTACHMENT/sl_rddbus_i_17> (without init value) has a constant value of 0 in block <vga>. This FF/Latch will be trimmed during the optimization process.
WARNING:Xst:1895 - Due to other FF/Latch trimming, FF/Latch <PLBV46_SLAVE_SINGLE_I/I_SLAVE_ATTACHMENT/sl_rddbus_i_18> (without init value) has a constant value of 0 in block <vga>. This FF/Latch will be trimmed during the optimization process.
WARNING:Xst:1895 - Due to other FF/Latch trimming, FF/Latch <PLBV46_SLAVE_SINGLE_I/I_SLAVE_ATTACHMENT/sl_rddbus_i_19> (without init value) has a constant value of 0 in block <vga>. This FF/Latch will be trimmed during the optimization process.
WARNING:Xst:1895 - Due to other FF/Latch trimming, FF/Latch <PLBV46_SLAVE_SINGLE_I/I_SLAVE_ATTACHMENT/sl_rddbus_i_20> (without init value) has a constant value of 0 in block <vga>. This FF/Latch will be trimmed during the optimization process.
WARNING:Xst:1895 - Due to other FF/Latch trimming, FF/Latch <PLBV46_SLAVE_SINGLE_I/I_SLAVE_ATTACHMENT/sl_rddbus_i_21> (without init value) has a constant value of 0 in block <vga>. This FF/Latch will be trimmed during the optimization process.
WARNING:Xst:1895 - Due to other FF/Latch trimming, FF/Latch <PLBV46_SLAVE_SINGLE_I/I_SLAVE_ATTACHMENT/sl_rddbus_i_22> (without init value) has a constant value of 0 in block <vga>. This FF/Latch will be trimmed during the optimization process.
WARNING:Xst:1895 - Due to other FF/Latch trimming, FF/Latch <PLBV46_SLAVE_SINGLE_I/I_SLAVE_ATTACHMENT/sl_rddbus_i_23> (without init value) has a constant value of 0 in block <vga>. This FF/Latch will be trimmed during the optimization process.
WARNING:Xst:1895 - Due to other FF/Latch trimming, FF/Latch <PLBV46_SLAVE_SINGLE_I/I_SLAVE_ATTACHMENT/sl_rddbus_i_24> (without init value) has a constant value of 0 in block <vga>. This FF/Latch will be trimmed during the optimization process.
WARNING:Xst:1895 - Due to other FF/Latch trimming, FF/Latch <PLBV46_SLAVE_SINGLE_I/I_SLAVE_ATTACHMENT/sl_rddbus_i_25> (without init value) has a constant value of 0 in block <vga>. This FF/Latch will be trimmed during the optimization process.
WARNING:Xst:1895 - Due to other FF/Latch trimming, FF/Latch <PLBV46_SLAVE_SINGLE_I/I_SLAVE_ATTACHMENT/sl_rddbus_i_26> (without init value) has a constant value of 0 in block <vga>. This FF/Latch will be trimmed during the optimization process.
WARNING:Xst:1895 - Due to other FF/Latch trimming, FF/Latch <PLBV46_SLAVE_SINGLE_I/I_SLAVE_ATTACHMENT/sl_rddbus_i_27> (without init value) has a constant value of 0 in block <vga>. This FF/Latch will be trimmed during the optimization process.
WARNING:Xst:1895 - Due to other FF/Latch trimming, FF/Latch <PLBV46_SLAVE_SINGLE_I/I_SLAVE_ATTACHMENT/sl_rddbus_i_28> (without init value) has a constant value of 0 in block <vga>. This FF/Latch will be trimmed during the optimization process.
WARNING:Xst:1895 - Due to other FF/Latch trimming, FF/Latch <PLBV46_SLAVE_SINGLE_I/I_SLAVE_ATTACHMENT/sl_rddbus_i_29> (without init value) has a constant value of 0 in block <vga>. This FF/Latch will be trimmed during the optimization process.
WARNING:Xst:1895 - Due to other FF/Latch trimming, FF/Latch <PLBV46_SLAVE_SINGLE_I/I_SLAVE_ATTACHMENT/sl_rddbus_i_30> (without init value) has a constant value of 0 in block <vga>. This FF/Latch will be trimmed during the optimization process.
WARNING:Xst:1895 - Due to other FF/Latch trimming, FF/Latch <PLBV46_SLAVE_SINGLE_I/I_SLAVE_ATTACHMENT/sl_rddbus_i_31> (without init value) has a constant value of 0 in block <vga>. This FF/Latch will be trimmed during the optimization process.
WARNING:Xst:1895 - Due to other FF/Latch trimming, FF/Latch <PLBV46_SLAVE_SINGLE_I/I_SLAVE_ATTACHMENT/sl_mwrerr_i_3> (without init value) has a constant value of 0 in block <vga>. This FF/Latch will be trimmed during the optimization process.
WARNING:Xst:1895 - Due to other FF/Latch trimming, FF/Latch <PLBV46_SLAVE_SINGLE_I/I_SLAVE_ATTACHMENT/sl_mwrerr_i_4> (without init value) has a constant value of 0 in block <vga>. This FF/Latch will be trimmed during the optimization process.
WARNING:Xst:1895 - Due to other FF/Latch trimming, FF/Latch <PLBV46_SLAVE_SINGLE_I/I_SLAVE_ATTACHMENT/sl_mwrerr_i_2> (without init value) has a constant value of 0 in block <vga>. This FF/Latch will be trimmed during the optimization process.
WARNING:Xst:1895 - Due to other FF/Latch trimming, FF/Latch <PLBV46_SLAVE_SINGLE_I/I_SLAVE_ATTACHMENT/sl_mwrerr_i_0> (without init value) has a constant value of 0 in block <vga>. This FF/Latch will be trimmed during the optimization process.
WARNING:Xst:1895 - Due to other FF/Latch trimming, FF/Latch <PLBV46_SLAVE_SINGLE_I/I_SLAVE_ATTACHMENT/sl_mwrerr_i_1> (without init value) has a constant value of 0 in block <vga>. This FF/Latch will be trimmed during the optimization process.
WARNING:Xst:1895 - Due to other FF/Latch trimming, FF/Latch <PLBV46_SLAVE_SINGLE_I/I_SLAVE_ATTACHMENT/sl_mrderr_i_7> (without init value) has a constant value of 0 in block <vga>. This FF/Latch will be trimmed during the optimization process.
WARNING:Xst:1895 - Due to other FF/Latch trimming, FF/Latch <PLBV46_SLAVE_SINGLE_I/I_SLAVE_ATTACHMENT/sl_mrderr_i_6> (without init value) has a constant value of 0 in block <vga>. This FF/Latch will be trimmed during the optimization process.
WARNING:Xst:1895 - Due to other FF/Latch trimming, FF/Latch <PLBV46_SLAVE_SINGLE_I/I_SLAVE_ATTACHMENT/sl_mrderr_i_5> (without init value) has a constant value of 0 in block <vga>. This FF/Latch will be trimmed during the optimization process.
WARNING:Xst:1895 - Due to other FF/Latch trimming, FF/Latch <PLBV46_SLAVE_SINGLE_I/I_SLAVE_ATTACHMENT/sl_mrderr_i_4> (without init value) has a constant value of 0 in block <vga>. This FF/Latch will be trimmed during the optimization process.
WARNING:Xst:1895 - Due to other FF/Latch trimming, FF/Latch <PLBV46_SLAVE_SINGLE_I/I_SLAVE_ATTACHMENT/sl_mrderr_i_2> (without init value) has a constant value of 0 in block <vga>. This FF/Latch will be trimmed during the optimization process.
WARNING:Xst:1895 - Due to other FF/Latch trimming, FF/Latch <PLBV46_SLAVE_SINGLE_I/I_SLAVE_ATTACHMENT/sl_mrderr_i_1> (without init value) has a constant value of 0 in block <vga>. This FF/Latch will be trimmed during the optimization process.
WARNING:Xst:1895 - Due to other FF/Latch trimming, FF/Latch <PLBV46_SLAVE_SINGLE_I/I_SLAVE_ATTACHMENT/sl_mrderr_i_3> (without init value) has a constant value of 0 in block <vga>. This FF/Latch will be trimmed during the optimization process.
WARNING:Xst:1895 - Due to other FF/Latch trimming, FF/Latch <PLBV46_SLAVE_SINGLE_I/I_SLAVE_ATTACHMENT/sl_mrderr_i_0> (without init value) has a constant value of 0 in block <vga>. This FF/Latch will be trimmed during the optimization process.
WARNING:Xst:1895 - Due to other FF/Latch trimming, FF/Latch <PLBV46_SLAVE_SINGLE_I/I_SLAVE_ATTACHMENT/sl_mwrerr_i_6> (without init value) has a constant value of 0 in block <vga>. This FF/Latch will be trimmed during the optimization process.
WARNING:Xst:1895 - Due to other FF/Latch trimming, FF/Latch <PLBV46_SLAVE_SINGLE_I/I_SLAVE_ATTACHMENT/sl_mwrerr_i_5> (without init value) has a constant value of 0 in block <vga>. This FF/Latch will be trimmed during the optimization process.
WARNING:Xst:1895 - Due to other FF/Latch trimming, FF/Latch <PLBV46_SLAVE_SINGLE_I/I_SLAVE_ATTACHMENT/sl_mwrerr_i_7> (without init value) has a constant value of 0 in block <vga>. This FF/Latch will be trimmed during the optimization process.
WARNING:Xst:1895 - Due to other FF/Latch trimming, FF/Latch <PLBV46_SLAVE_SINGLE_I/I_SLAVE_ATTACHMENT/sl_rddbus_i_0> (without init value) has a constant value of 0 in block <vga>. This FF/Latch will be trimmed during the optimization process.
WARNING:Xst:1895 - Due to other FF/Latch trimming, FF/Latch <PLBV46_SLAVE_SINGLE_I/I_SLAVE_ATTACHMENT/sl_rddbus_i_1> (without init value) has a constant value of 0 in block <vga>. This FF/Latch will be trimmed during the optimization process.
WARNING:Xst:1895 - Due to other FF/Latch trimming, FF/Latch <PLBV46_SLAVE_SINGLE_I/I_SLAVE_ATTACHMENT/sl_rddbus_i_2> (without init value) has a constant value of 0 in block <vga>. This FF/Latch will be trimmed during the optimization process.
WARNING:Xst:1895 - Due to other FF/Latch trimming, FF/Latch <PLBV46_SLAVE_SINGLE_I/I_SLAVE_ATTACHMENT/sl_rddbus_i_3> (without init value) has a constant value of 0 in block <vga>. This FF/Latch will be trimmed during the optimization process.
WARNING:Xst:1895 - Due to other FF/Latch trimming, FF/Latch <PLBV46_SLAVE_SINGLE_I/I_SLAVE_ATTACHMENT/sl_rddbus_i_4> (without init value) has a constant value of 0 in block <vga>. This FF/Latch will be trimmed during the optimization process.
WARNING:Xst:1895 - Due to other FF/Latch trimming, FF/Latch <PLBV46_SLAVE_SINGLE_I/I_SLAVE_ATTACHMENT/sl_rddbus_i_5> (without init value) has a constant value of 0 in block <vga>. This FF/Latch will be trimmed during the optimization process.
WARNING:Xst:1895 - Due to other FF/Latch trimming, FF/Latch <PLBV46_SLAVE_SINGLE_I/I_SLAVE_ATTACHMENT/sl_rddbus_i_6> (without init value) has a constant value of 0 in block <vga>. This FF/Latch will be trimmed during the optimization process.
WARNING:Xst:1895 - Due to other FF/Latch trimming, FF/Latch <PLBV46_SLAVE_SINGLE_I/I_SLAVE_ATTACHMENT/sl_rddbus_i_7> (without init value) has a constant value of 0 in block <vga>. This FF/Latch will be trimmed during the optimization process.
WARNING:Xst:1895 - Due to other FF/Latch trimming, FF/Latch <PLBV46_SLAVE_SINGLE_I/I_SLAVE_ATTACHMENT/sl_rddbus_i_8> (without init value) has a constant value of 0 in block <vga>. This FF/Latch will be trimmed during the optimization process.
WARNING:Xst:1895 - Due to other FF/Latch trimming, FF/Latch <PLBV46_SLAVE_SINGLE_I/I_SLAVE_ATTACHMENT/sl_rddbus_i_9> (without init value) has a constant value of 0 in block <vga>. This FF/Latch will be trimmed during the optimization process.
WARNING:Xst:1895 - Due to other FF/Latch trimming, FF/Latch <PLBV46_SLAVE_SINGLE_I/I_SLAVE_ATTACHMENT/sl_rddbus_i_10> (without init value) has a constant value of 0 in block <vga>. This FF/Latch will be trimmed during the optimization process.
WARNING:Xst:1895 - Due to other FF/Latch trimming, FF/Latch <PLBV46_SLAVE_SINGLE_I/I_SLAVE_ATTACHMENT/sl_rddbus_i_11> (without init value) has a constant value of 0 in block <vga>. This FF/Latch will be trimmed during the optimization process.
WARNING:Xst:1895 - Due to other FF/Latch trimming, FF/Latch <PLBV46_SLAVE_SINGLE_I/I_SLAVE_ATTACHMENT/sl_rddbus_i_12> (without init value) has a constant value of 0 in block <vga>. This FF/Latch will be trimmed during the optimization process.
WARNING:Xst:2677 - Node <PLBV46_SLAVE_SINGLE_I/I_SLAVE_ATTACHMENT/I_DECODER/rnw_s_h> of sequential type is unconnected in block <vga>.
WARNING:Xst:2677 - Node <PLBV46_SLAVE_SINGLE_I/I_SLAVE_ATTACHMENT/I_DECODER/wrce_out_i_1> of sequential type is unconnected in block <vga>.
WARNING:Xst:2677 - Node <PLBV46_SLAVE_SINGLE_I/I_SLAVE_ATTACHMENT/I_DECODER/rdce_out_i_1> of sequential type is unconnected in block <vga>.
WARNING:Xst:2677 - Node <PLBV46_SLAVE_SINGLE_I/I_SLAVE_ATTACHMENT/bus2ip_addr_i_0> of sequential type is unconnected in block <vga>.
WARNING:Xst:2677 - Node <PLBV46_SLAVE_SINGLE_I/I_SLAVE_ATTACHMENT/bus2ip_addr_i_1> of sequential type is unconnected in block <vga>.
WARNING:Xst:2677 - Node <PLBV46_SLAVE_SINGLE_I/I_SLAVE_ATTACHMENT/bus2ip_addr_i_2> of sequential type is unconnected in block <vga>.
WARNING:Xst:2677 - Node <PLBV46_SLAVE_SINGLE_I/I_SLAVE_ATTACHMENT/bus2ip_addr_i_3> of sequential type is unconnected in block <vga>.
WARNING:Xst:2677 - Node <PLBV46_SLAVE_SINGLE_I/I_SLAVE_ATTACHMENT/bus2ip_addr_i_4> of sequential type is unconnected in block <vga>.
WARNING:Xst:2677 - Node <PLBV46_SLAVE_SINGLE_I/I_SLAVE_ATTACHMENT/bus2ip_addr_i_5> of sequential type is unconnected in block <vga>.
WARNING:Xst:2677 - Node <PLBV46_SLAVE_SINGLE_I/I_SLAVE_ATTACHMENT/bus2ip_addr_i_6> of sequential type is unconnected in block <vga>.
WARNING:Xst:2677 - Node <PLBV46_SLAVE_SINGLE_I/I_SLAVE_ATTACHMENT/bus2ip_addr_i_7> of sequential type is unconnected in block <vga>.
WARNING:Xst:2677 - Node <PLBV46_SLAVE_SINGLE_I/I_SLAVE_ATTACHMENT/bus2ip_addr_i_8> of sequential type is unconnected in block <vga>.
WARNING:Xst:2677 - Node <PLBV46_SLAVE_SINGLE_I/I_SLAVE_ATTACHMENT/bus2ip_addr_i_9> of sequential type is unconnected in block <vga>.
WARNING:Xst:2677 - Node <PLBV46_SLAVE_SINGLE_I/I_SLAVE_ATTACHMENT/bus2ip_addr_i_10> of sequential type is unconnected in block <vga>.
WARNING:Xst:2677 - Node <PLBV46_SLAVE_SINGLE_I/I_SLAVE_ATTACHMENT/bus2ip_addr_i_11> of sequential type is unconnected in block <vga>.
WARNING:Xst:2677 - Node <PLBV46_SLAVE_SINGLE_I/I_SLAVE_ATTACHMENT/bus2ip_addr_i_12> of sequential type is unconnected in block <vga>.
WARNING:Xst:2677 - Node <PLBV46_SLAVE_SINGLE_I/I_SLAVE_ATTACHMENT/bus2ip_addr_i_13> of sequential type is unconnected in block <vga>.
WARNING:Xst:2677 - Node <PLBV46_SLAVE_SINGLE_I/I_SLAVE_ATTACHMENT/bus2ip_addr_i_14> of sequential type is unconnected in block <vga>.
WARNING:Xst:2677 - Node <PLBV46_SLAVE_SINGLE_I/I_SLAVE_ATTACHMENT/bus2ip_addr_i_15> of sequential type is unconnected in block <vga>.
WARNING:Xst:2677 - Node <PLBV46_SLAVE_SINGLE_I/I_SLAVE_ATTACHMENT/bus2ip_addr_i_16> of sequential type is unconnected in block <vga>.
WARNING:Xst:2677 - Node <PLBV46_SLAVE_SINGLE_I/I_SLAVE_ATTACHMENT/bus2ip_addr_i_17> of sequential type is unconnected in block <vga>.
WARNING:Xst:2677 - Node <PLBV46_SLAVE_SINGLE_I/I_SLAVE_ATTACHMENT/bus2ip_addr_i_18> of sequential type is unconnected in block <vga>.
WARNING:Xst:2677 - Node <PLBV46_SLAVE_SINGLE_I/I_SLAVE_ATTACHMENT/bus2ip_addr_i_19> of sequential type is unconnected in block <vga>.
WARNING:Xst:2677 - Node <PLBV46_SLAVE_SINGLE_I/I_SLAVE_ATTACHMENT/bus2ip_addr_i_20> of sequential type is unconnected in block <vga>.
WARNING:Xst:2677 - Node <PLBV46_SLAVE_SINGLE_I/I_SLAVE_ATTACHMENT/bus2ip_addr_i_21> of sequential type is unconnected in block <vga>.
WARNING:Xst:2677 - Node <PLBV46_SLAVE_SINGLE_I/I_SLAVE_ATTACHMENT/bus2ip_addr_i_22> of sequential type is unconnected in block <vga>.
WARNING:Xst:2677 - Node <PLBV46_SLAVE_SINGLE_I/I_SLAVE_ATTACHMENT/bus2ip_addr_i_23> of sequential type is unconnected in block <vga>.
WARNING:Xst:2677 - Node <PLBV46_SLAVE_SINGLE_I/I_SLAVE_ATTACHMENT/bus2ip_addr_i_24> of sequential type is unconnected in block <vga>.
WARNING:Xst:2677 - Node <PLBV46_SLAVE_SINGLE_I/I_SLAVE_ATTACHMENT/bus2ip_addr_i_25> of sequential type is unconnected in block <vga>.
WARNING:Xst:2677 - Node <PLBV46_SLAVE_SINGLE_I/I_SLAVE_ATTACHMENT/bus2ip_addr_i_26> of sequential type is unconnected in block <vga>.
WARNING:Xst:2677 - Node <PLBV46_SLAVE_SINGLE_I/I_SLAVE_ATTACHMENT/bus2ip_addr_i_27> of sequential type is unconnected in block <vga>.
WARNING:Xst:2677 - Node <PLBV46_SLAVE_SINGLE_I/I_SLAVE_ATTACHMENT/bus2ip_addr_i_28> of sequential type is unconnected in block <vga>.
WARNING:Xst:2677 - Node <PLBV46_SLAVE_SINGLE_I/I_SLAVE_ATTACHMENT/bus2ip_addr_i_29> of sequential type is unconnected in block <vga>.
WARNING:Xst:2677 - Node <PLBV46_SLAVE_SINGLE_I/I_SLAVE_ATTACHMENT/bus2ip_addr_i_30> of sequential type is unconnected in block <vga>.
WARNING:Xst:2677 - Node <PLBV46_SLAVE_SINGLE_I/I_SLAVE_ATTACHMENT/bus2ip_addr_i_31> of sequential type is unconnected in block <vga>.
WARNING:Xst:2677 - Node <PLBV46_SLAVE_SINGLE_I/I_SLAVE_ATTACHMENT/bus2ip_be_i_0> of sequential type is unconnected in block <vga>.
WARNING:Xst:2677 - Node <PLBV46_SLAVE_SINGLE_I/I_SLAVE_ATTACHMENT/bus2ip_be_i_1> of sequential type is unconnected in block <vga>.
WARNING:Xst:2677 - Node <PLBV46_SLAVE_SINGLE_I/I_SLAVE_ATTACHMENT/bus2ip_be_i_2> of sequential type is unconnected in block <vga>.
WARNING:Xst:2677 - Node <PLBV46_SLAVE_SINGLE_I/I_SLAVE_ATTACHMENT/bus2ip_be_i_3> of sequential type is unconnected in block <vga>.
WARNING:Xst:2677 - Node <PLBV46_SLAVE_SINGLE_I/I_SLAVE_ATTACHMENT/plb_be_reg_0> of sequential type is unconnected in block <vga>.
WARNING:Xst:2677 - Node <PLBV46_SLAVE_SINGLE_I/I_SLAVE_ATTACHMENT/plb_be_reg_1> of sequential type is unconnected in block <vga>.
WARNING:Xst:2677 - Node <PLBV46_SLAVE_SINGLE_I/I_SLAVE_ATTACHMENT/plb_be_reg_2> of sequential type is unconnected in block <vga>.
WARNING:Xst:2677 - Node <PLBV46_SLAVE_SINGLE_I/I_SLAVE_ATTACHMENT/plb_be_reg_3> of sequential type is unconnected in block <vga>.
WARNING:Xst:2677 - Node <PLBV46_SLAVE_SINGLE_I/I_SLAVE_ATTACHMENT/plb_abus_reg_0> of sequential type is unconnected in block <vga>.
WARNING:Xst:2677 - Node <PLBV46_SLAVE_SINGLE_I/I_SLAVE_ATTACHMENT/plb_abus_reg_1> of sequential type is unconnected in block <vga>.
WARNING:Xst:2677 - Node <PLBV46_SLAVE_SINGLE_I/I_SLAVE_ATTACHMENT/plb_abus_reg_2> of sequential type is unconnected in block <vga>.
WARNING:Xst:2677 - Node <PLBV46_SLAVE_SINGLE_I/I_SLAVE_ATTACHMENT/plb_abus_reg_3> of sequential type is unconnected in block <vga>.
WARNING:Xst:2677 - Node <PLBV46_SLAVE_SINGLE_I/I_SLAVE_ATTACHMENT/plb_abus_reg_4> of sequential type is unconnected in block <vga>.
WARNING:Xst:2677 - Node <PLBV46_SLAVE_SINGLE_I/I_SLAVE_ATTACHMENT/plb_abus_reg_5> of sequential type is unconnected in block <vga>.
WARNING:Xst:2677 - Node <PLBV46_SLAVE_SINGLE_I/I_SLAVE_ATTACHMENT/plb_abus_reg_6> of sequential type is unconnected in block <vga>.
WARNING:Xst:2677 - Node <PLBV46_SLAVE_SINGLE_I/I_SLAVE_ATTACHMENT/plb_abus_reg_7> of sequential type is unconnected in block <vga>.
WARNING:Xst:2677 - Node <PLBV46_SLAVE_SINGLE_I/I_SLAVE_ATTACHMENT/plb_abus_reg_8> of sequential type is unconnected in block <vga>.
WARNING:Xst:2677 - Node <PLBV46_SLAVE_SINGLE_I/I_SLAVE_ATTACHMENT/plb_abus_reg_9> of sequential type is unconnected in block <vga>.
WARNING:Xst:2677 - Node <PLBV46_SLAVE_SINGLE_I/I_SLAVE_ATTACHMENT/plb_abus_reg_10> of sequential type is unconnected in block <vga>.
WARNING:Xst:2677 - Node <PLBV46_SLAVE_SINGLE_I/I_SLAVE_ATTACHMENT/plb_abus_reg_11> of sequential type is unconnected in block <vga>.
WARNING:Xst:2677 - Node <PLBV46_SLAVE_SINGLE_I/I_SLAVE_ATTACHMENT/plb_abus_reg_12> of sequential type is unconnected in block <vga>.
WARNING:Xst:2677 - Node <PLBV46_SLAVE_SINGLE_I/I_SLAVE_ATTACHMENT/plb_abus_reg_13> of sequential type is unconnected in block <vga>.
WARNING:Xst:2677 - Node <PLBV46_SLAVE_SINGLE_I/I_SLAVE_ATTACHMENT/plb_abus_reg_14> of sequential type is unconnected in block <vga>.
WARNING:Xst:2677 - Node <PLBV46_SLAVE_SINGLE_I/I_SLAVE_ATTACHMENT/plb_abus_reg_15> of sequential type is unconnected in block <vga>.
WARNING:Xst:2677 - Node <PLBV46_SLAVE_SINGLE_I/I_SLAVE_ATTACHMENT/plb_abus_reg_16> of sequential type is unconnected in block <vga>.
WARNING:Xst:2677 - Node <PLBV46_SLAVE_SINGLE_I/I_SLAVE_ATTACHMENT/plb_abus_reg_17> of sequential type is unconnected in block <vga>.
WARNING:Xst:2677 - Node <PLBV46_SLAVE_SINGLE_I/I_SLAVE_ATTACHMENT/plb_abus_reg_18> of sequential type is unconnected in block <vga>.
WARNING:Xst:2677 - Node <PLBV46_SLAVE_SINGLE_I/I_SLAVE_ATTACHMENT/plb_abus_reg_19> of sequential type is unconnected in block <vga>.
WARNING:Xst:2677 - Node <PLBV46_SLAVE_SINGLE_I/I_SLAVE_ATTACHMENT/plb_abus_reg_20> of sequential type is unconnected in block <vga>.
WARNING:Xst:2677 - Node <PLBV46_SLAVE_SINGLE_I/I_SLAVE_ATTACHMENT/plb_abus_reg_21> of sequential type is unconnected in block <vga>.
WARNING:Xst:2677 - Node <PLBV46_SLAVE_SINGLE_I/I_SLAVE_ATTACHMENT/plb_abus_reg_22> of sequential type is unconnected in block <vga>.
WARNING:Xst:2677 - Node <PLBV46_SLAVE_SINGLE_I/I_SLAVE_ATTACHMENT/plb_abus_reg_23> of sequential type is unconnected in block <vga>.
WARNING:Xst:2677 - Node <PLBV46_SLAVE_SINGLE_I/I_SLAVE_ATTACHMENT/plb_abus_reg_24> of sequential type is unconnected in block <vga>.
WARNING:Xst:2677 - Node <PLBV46_SLAVE_SINGLE_I/I_SLAVE_ATTACHMENT/plb_abus_reg_25> of sequential type is unconnected in block <vga>.
WARNING:Xst:2677 - Node <PLBV46_SLAVE_SINGLE_I/I_SLAVE_ATTACHMENT/plb_abus_reg_26> of sequential type is unconnected in block <vga>.
WARNING:Xst:2677 - Node <PLBV46_SLAVE_SINGLE_I/I_SLAVE_ATTACHMENT/plb_abus_reg_27> of sequential type is unconnected in block <vga>.
WARNING:Xst:2677 - Node <PLBV46_SLAVE_SINGLE_I/I_SLAVE_ATTACHMENT/plb_abus_reg_28> of sequential type is unconnected in block <vga>.
WARNING:Xst:2677 - Node <PLBV46_SLAVE_SINGLE_I/I_SLAVE_ATTACHMENT/plb_abus_reg_29> of sequential type is unconnected in block <vga>.
WARNING:Xst:2677 - Node <PLBV46_SLAVE_SINGLE_I/I_SLAVE_ATTACHMENT/plb_abus_reg_30> of sequential type is unconnected in block <vga>.
WARNING:Xst:2677 - Node <PLBV46_SLAVE_SINGLE_I/I_SLAVE_ATTACHMENT/plb_abus_reg_31> of sequential type is unconnected in block <vga>.
WARNING:Xst:2677 - Node <PLBV46_SLAVE_SINGLE_I/I_SLAVE_ATTACHMENT/plb_wrdbus_reg_0> of sequential type is unconnected in block <vga>.
WARNING:Xst:2677 - Node <PLBV46_SLAVE_SINGLE_I/I_SLAVE_ATTACHMENT/plb_wrdbus_reg_1> of sequential type is unconnected in block <vga>.
WARNING:Xst:2677 - Node <PLBV46_SLAVE_SINGLE_I/I_SLAVE_ATTACHMENT/plb_wrdbus_reg_2> of sequential type is unconnected in block <vga>.
WARNING:Xst:2677 - Node <PLBV46_SLAVE_SINGLE_I/I_SLAVE_ATTACHMENT/plb_wrdbus_reg_3> of sequential type is unconnected in block <vga>.
WARNING:Xst:2677 - Node <PLBV46_SLAVE_SINGLE_I/I_SLAVE_ATTACHMENT/plb_wrdbus_reg_4> of sequential type is unconnected in block <vga>.
WARNING:Xst:2677 - Node <PLBV46_SLAVE_SINGLE_I/I_SLAVE_ATTACHMENT/plb_wrdbus_reg_5> of sequential type is unconnected in block <vga>.
WARNING:Xst:2677 - Node <PLBV46_SLAVE_SINGLE_I/I_SLAVE_ATTACHMENT/plb_wrdbus_reg_6> of sequential type is unconnected in block <vga>.
WARNING:Xst:2677 - Node <PLBV46_SLAVE_SINGLE_I/I_SLAVE_ATTACHMENT/plb_wrdbus_reg_7> of sequential type is unconnected in block <vga>.
WARNING:Xst:2677 - Node <PLBV46_SLAVE_SINGLE_I/I_SLAVE_ATTACHMENT/plb_wrdbus_reg_8> of sequential type is unconnected in block <vga>.
WARNING:Xst:2677 - Node <PLBV46_SLAVE_SINGLE_I/I_SLAVE_ATTACHMENT/plb_wrdbus_reg_9> of sequential type is unconnected in block <vga>.
WARNING:Xst:2677 - Node <PLBV46_SLAVE_SINGLE_I/I_SLAVE_ATTACHMENT/plb_wrdbus_reg_10> of sequential type is unconnected in block <vga>.
WARNING:Xst:2677 - Node <PLBV46_SLAVE_SINGLE_I/I_SLAVE_ATTACHMENT/plb_wrdbus_reg_11> of sequential type is unconnected in block <vga>.
WARNING:Xst:2677 - Node <PLBV46_SLAVE_SINGLE_I/I_SLAVE_ATTACHMENT/plb_wrdbus_reg_12> of sequential type is unconnected in block <vga>.
WARNING:Xst:2677 - Node <PLBV46_SLAVE_SINGLE_I/I_SLAVE_ATTACHMENT/plb_wrdbus_reg_13> of sequential type is unconnected in block <vga>.
WARNING:Xst:2677 - Node <PLBV46_SLAVE_SINGLE_I/I_SLAVE_ATTACHMENT/plb_wrdbus_reg_14> of sequential type is unconnected in block <vga>.
WARNING:Xst:2677 - Node <PLBV46_SLAVE_SINGLE_I/I_SLAVE_ATTACHMENT/plb_wrdbus_reg_15> of sequential type is unconnected in block <vga>.
WARNING:Xst:2677 - Node <PLBV46_SLAVE_SINGLE_I/I_SLAVE_ATTACHMENT/plb_wrdbus_reg_16> of sequential type is unconnected in block <vga>.
WARNING:Xst:2677 - Node <PLBV46_SLAVE_SINGLE_I/I_SLAVE_ATTACHMENT/plb_wrdbus_reg_17> of sequential type is unconnected in block <vga>.
WARNING:Xst:2677 - Node <PLBV46_SLAVE_SINGLE_I/I_SLAVE_ATTACHMENT/plb_wrdbus_reg_18> of sequential type is unconnected in block <vga>.
WARNING:Xst:2677 - Node <PLBV46_SLAVE_SINGLE_I/I_SLAVE_ATTACHMENT/plb_wrdbus_reg_19> of sequential type is unconnected in block <vga>.
WARNING:Xst:2677 - Node <PLBV46_SLAVE_SINGLE_I/I_SLAVE_ATTACHMENT/plb_wrdbus_reg_20> of sequential type is unconnected in block <vga>.
WARNING:Xst:2677 - Node <PLBV46_SLAVE_SINGLE_I/I_SLAVE_ATTACHMENT/plb_wrdbus_reg_21> of sequential type is unconnected in block <vga>.
WARNING:Xst:2677 - Node <PLBV46_SLAVE_SINGLE_I/I_SLAVE_ATTACHMENT/plb_wrdbus_reg_22> of sequential type is unconnected in block <vga>.
WARNING:Xst:2677 - Node <PLBV46_SLAVE_SINGLE_I/I_SLAVE_ATTACHMENT/plb_wrdbus_reg_23> of sequential type is unconnected in block <vga>.
WARNING:Xst:2677 - Node <PLBV46_SLAVE_SINGLE_I/I_SLAVE_ATTACHMENT/plb_wrdbus_reg_24> of sequential type is unconnected in block <vga>.
WARNING:Xst:2677 - Node <PLBV46_SLAVE_SINGLE_I/I_SLAVE_ATTACHMENT/plb_wrdbus_reg_25> of sequential type is unconnected in block <vga>.
WARNING:Xst:2677 - Node <PLBV46_SLAVE_SINGLE_I/I_SLAVE_ATTACHMENT/plb_wrdbus_reg_26> of sequential type is unconnected in block <vga>.
WARNING:Xst:2677 - Node <PLBV46_SLAVE_SINGLE_I/I_SLAVE_ATTACHMENT/plb_wrdbus_reg_27> of sequential type is unconnected in block <vga>.
WARNING:Xst:2677 - Node <PLBV46_SLAVE_SINGLE_I/I_SLAVE_ATTACHMENT/plb_wrdbus_reg_28> of sequential type is unconnected in block <vga>.
WARNING:Xst:2677 - Node <PLBV46_SLAVE_SINGLE_I/I_SLAVE_ATTACHMENT/plb_wrdbus_reg_29> of sequential type is unconnected in block <vga>.
WARNING:Xst:2677 - Node <PLBV46_SLAVE_SINGLE_I/I_SLAVE_ATTACHMENT/plb_wrdbus_reg_30> of sequential type is unconnected in block <vga>.
WARNING:Xst:2677 - Node <PLBV46_SLAVE_SINGLE_I/I_SLAVE_ATTACHMENT/plb_wrdbus_reg_31> of sequential type is unconnected in block <vga>.

Mapping all equations...
Building and optimizing final netlist ...
Found area constraint ratio of 100 (+ 5) on block vga, actual ratio is 2.

Final Macro Processing ...

Processing Unit <vga> :
	Found 2-bit shift register for signal <USER_LOGIC_I/shf_blank_y_0>.
	Found 2-bit shift register for signal <USER_LOGIC_I/shf_blank_x_0>.
Unit <vga> processed.

=========================================================================
Final Register Report

Macro Statistics
# Registers                                            : 72
 Flip-Flops                                            : 72
# Shift Registers                                      : 2
 2-bit shift register                                  : 2

=========================================================================

=========================================================================
*                           Partition Report                            *
=========================================================================

Partition Implementation Status
-------------------------------

  No Partitions were found in this design.

-------------------------------

=========================================================================
*                            Final Report                               *
=========================================================================
Final Results
RTL Top Level Output File Name     : vga.ngr
Top Level Output File Name         : vga
Output Format                      : NGC
Optimization Goal                  : Speed
Keep Hierarchy                     : No

Design Statistics
# IOs                              : 440

Cell Usage :
# BELS                             : 130
#      GND                         : 1
#      INV                         : 3
#      LUT1                        : 18
#      LUT2                        : 8
#      LUT2_L                      : 1
#      LUT3                        : 17
#      LUT3_D                      : 2
#      LUT3_L                      : 1
#      LUT4                        : 31
#      LUT4_D                      : 4
#      LUT4_L                      : 4
#      MUXCY                       : 18
#      MUXF5                       : 1
#      VCC                         : 1
#      XORCY                       : 20
# FlipFlops/Latches                : 74
#      FD                          : 1
#      FDE                         : 4
#      FDR                         : 31
#      FDRE                        : 25
#      FDRS                        : 2
#      FDS                         : 11
# Shift Registers                  : 2
#      SRL16E                      : 2
# Clock Buffers                    : 1
#      BUFGP                       : 1
# IO Buffers                       : 197
#      IBUF                        : 13
#      OBUF                        : 184
=========================================================================

Device utilization summary:
---------------------------

Selected Device : 3s250etq144-4 

 Number of Slices:                       59  out of   2448     2%  
 Number of Slice Flip Flops:             74  out of   4896     1%  
 Number of 4 input LUTs:                 91  out of   4896     1%  
    Number used as logic:                89
    Number used as Shift registers:       2
 Number of IOs:                         440
 Number of bonded IOBs:                 198  out of    108   183% (*) 
 Number of GCLKs:                         1  out of     24     4%  

WARNING:Xst:1336 -  (*) More than 100% of Device resources are used

---------------------------
Partition Resource Summary:
---------------------------

  No Partitions were found in this design.

---------------------------


=========================================================================
TIMING REPORT

NOTE: THESE TIMING NUMBERS ARE ONLY A SYNTHESIS ESTIMATE.
      FOR ACCURATE TIMING INFORMATION PLEASE REFER TO THE TRACE REPORT
      GENERATED AFTER PLACE-and-ROUTE.

Clock Information:
------------------
-----------------------------------+------------------------+-------+
Clock Signal                       | Clock buffer(FF name)  | Load  |
-----------------------------------+------------------------+-------+
SPLB_Clk                           | BUFGP                  | 76    |
-----------------------------------+------------------------+-------+

Asynchronous Control Signals Information:
----------------------------------------
No asynchronous control signals found in this design

Timing Summary:
---------------
Speed Grade: -4

   Minimum period: 6.275ns (Maximum Frequency: 159.363MHz)
   Minimum input arrival time before clock: 5.153ns
   Maximum output required time after clock: 4.824ns
   Maximum combinational path delay: No path found

Timing Detail:
--------------
All values displayed in nanoseconds (ns)

=========================================================================
Timing constraint: Default period analysis for Clock 'SPLB_Clk'
  Clock period: 6.275ns (frequency: 159.363MHz)
  Total number of paths / destination ports: 817 / 124
-------------------------------------------------------------------------
Delay:               6.275ns (Levels of Logic = 3)
  Source:            USER_LOGIC_I/x_2 (FF)
  Destination:       USER_LOGIC_I/y_9 (FF)
  Source Clock:      SPLB_Clk rising
  Destination Clock: SPLB_Clk rising

  Data Path: USER_LOGIC_I/x_2 to USER_LOGIC_I/y_9
                                Gate     Net
    Cell:in->out      fanout   Delay   Delay  Logical Name (Net Name)
    ----------------------------------------  ------------
     FDR:C->Q              2   0.591   0.622  USER_LOGIC_I/x_2 (USER_LOGIC_I/x_2)
     LUT3_D:I0->O          4   0.704   0.622  USER_LOGIC_I/blank_y_str_cmp_eq0001111 (USER_LOGIC_I/N7)
     LUT4:I2->O            3   0.704   0.535  USER_LOGIC_I/blank_y_str_cmp_eq00011 (USER_LOGIC_I/N11)
     LUT4:I3->O           10   0.704   0.882  USER_LOGIC_I/y_or00001 (USER_LOGIC_I/y_or0000)
     FDRE:R                    0.911          USER_LOGIC_I/y_0
    ----------------------------------------
    Total                      6.275ns (3.614ns logic, 2.661ns route)
                                       (57.6% logic, 42.4% route)

=========================================================================
Timing constraint: Default OFFSET IN BEFORE for Clock 'SPLB_Clk'
  Total number of paths / destination ports: 79 / 79
-------------------------------------------------------------------------
Offset:              5.153ns (Levels of Logic = 2)
  Source:            SPLB_Rst (PAD)
  Destination:       USER_LOGIC_I/y_9 (FF)
  Destination Clock: SPLB_Clk rising

  Data Path: SPLB_Rst to USER_LOGIC_I/y_9
                                Gate     Net
    Cell:in->out      fanout   Delay   Delay  Logical Name (Net Name)
    ----------------------------------------  ------------
     IBUF:I->O            33   1.218   1.438  SPLB_Rst_IBUF (SPLB_Rst_IBUF)
     LUT3:I0->O           10   0.704   0.882  PLBV46_SLAVE_SINGLE_I/I_SLAVE_ATTACHMENT/sl_mbusy_i_0_or00001 (PLBV46_SLAVE_SINGLE_I/I_SLAVE_ATTACHMENT/I_DECODER/rnw_s_h_or0000)
     FDRE:R                    0.911          PLBV46_SLAVE_SINGLE_I/I_SLAVE_ATTACHMENT/I_DECODER/cs_out_s_h0_1
    ----------------------------------------
    Total                      5.153ns (2.833ns logic, 2.320ns route)
                                       (55.0% logic, 45.0% route)

=========================================================================
Timing constraint: Default OFFSET OUT AFTER for Clock 'SPLB_Clk'
  Total number of paths / destination ports: 19 / 19
-------------------------------------------------------------------------
Offset:              4.824ns (Levels of Logic = 1)
  Source:            PLBV46_SLAVE_SINGLE_I/I_SLAVE_ATTACHMENT/set_sl_busy (FF)
  Destination:       Sl_addrAck (PAD)
  Source Clock:      SPLB_Clk rising

  Data Path: PLBV46_SLAVE_SINGLE_I/I_SLAVE_ATTACHMENT/set_sl_busy to Sl_addrAck
                                Gate     Net
    Cell:in->out      fanout   Delay   Delay  Logical Name (Net Name)
    ----------------------------------------  ------------
     FDR:C->Q             12   0.591   0.961  PLBV46_SLAVE_SINGLE_I/I_SLAVE_ATTACHMENT/set_sl_busy (PLBV46_SLAVE_SINGLE_I/I_SLAVE_ATTACHMENT/set_sl_busy)
     OBUF:I->O                 3.272          Sl_addrAck_OBUF (Sl_addrAck)
    ----------------------------------------
    Total                      4.824ns (3.863ns logic, 0.961ns route)
                                       (80.1% logic, 19.9% route)

=========================================================================


Total REAL time to Xst completion: 10.00 secs
Total CPU time to Xst completion: 10.09 secs
 
--> 

Total memory usage is 331920 kilobytes

Number of errors   :    0 (   0 filtered)
Number of warnings :  236 (   0 filtered)
Number of infos    :    9 (   0 filtered)

