
----------------------------------------------------------------------------
--                            Design Analysis                             --
----------------------------------------------------------------------------
Analyze pcore vga_char ...

INFO:EDK:1467 - Generic parameter C_BASEADDR/C_HIGHADDR will not be used since
   user does not have any register space ...

----------------------------------------------------------------------------
--                            Design Analysis                             --
----------------------------------------------------------------------------
Analyze pcore vga_char ...

INFO:EDK:1467 - Generic parameter C_BASEADDR/C_HIGHADDR will not be used since
   user does not have any register space ...

----------------------------------------------------------------------------
--                            File Generation                             --
----------------------------------------------------------------------------
Creating HDL source directory ...
Generating top peripheral VHDL template ...
Generating stub user logic Verilog template ...
HDL templates successfully generated ...
Creating data directory ...
Generating XPS inteface files ...
WARNING:HDLParsers:3497 - Ignoring Verilog File
   "G:/Sandboxes/Xilinx/calculator/pcores/vga_char_v1_00_a/data/../hdl/verilog/u
   ser_logic.v"
Compiling vhdl file
"G:/Xilinx/13.2/ISE_DS/EDK/hw/XilinxProcessorIPLib/pcores/proc_common_v3_00_a/hd
l/vhdl/proc_common_pkg.vhd" in Library proc_common_v3_00_a.
Package <proc_common_pkg> compiled.
Package body <proc_common_pkg> compiled.
Compiling vhdl file
"G:/Xilinx/13.2/ISE_DS/EDK/hw/XilinxProcessorIPLib/pcores/proc_common_v3_00_a/hd
l/vhdl/or_muxcy.vhd" in Library proc_common_v3_00_a.
Entity <or_muxcy> compiled.
Entity <or_muxcy> (Architecture <implementation>) compiled.
Compiling vhdl file
"G:/Xilinx/13.2/ISE_DS/EDK/hw/XilinxProcessorIPLib/pcores/proc_common_v3_00_a/hd
l/vhdl/family_support.vhd" in Library proc_common_v3_00_a.
Package <family_support> compiled.
Package body <family_support> compiled.
Compiling vhdl file
"G:/Xilinx/13.2/ISE_DS/EDK/hw/XilinxProcessorIPLib/pcores/proc_common_v3_00_a/hd
l/vhdl/counter_f.vhd" in Library proc_common_v3_00_a.
Entity <counter_f> compiled.
Entity <counter_f> (Architecture <imp>) compiled.
Compiling vhdl file
"G:/Xilinx/13.2/ISE_DS/EDK/hw/XilinxProcessorIPLib/pcores/proc_common_v3_00_a/hd
l/vhdl/pselect_f.vhd" in Library proc_common_v3_00_a.
Entity <pselect_f> compiled.
Entity <pselect_f> (Architecture <imp>) compiled.
Compiling vhdl file
"G:/Xilinx/13.2/ISE_DS/EDK/hw/XilinxProcessorIPLib/pcores/proc_common_v3_00_a/hd
l/vhdl/or_gate128.vhd" in Library proc_common_v3_00_a.
Entity <or_gate128> compiled.
Entity <or_gate128> (Architecture <imp>) compiled.
Compiling vhdl file
"G:/Xilinx/13.2/ISE_DS/EDK/hw/XilinxProcessorIPLib/pcores/proc_common_v3_00_a/hd
l/vhdl/ipif_pkg.vhd" in Library proc_common_v3_00_a.
Package <ipif_pkg> compiled.
Package body <ipif_pkg> compiled.
Compiling vhdl file
"G:/Xilinx/13.2/ISE_DS/EDK/hw/XilinxProcessorIPLib/pcores/plbv46_slave_single_v1
_01_a/hdl/vhdl/plb_address_decoder.vhd" in Library plbv46_slave_single_v1_01_a.
Entity <plb_address_decoder> compiled.
Entity <plb_address_decoder> (Architecture <IMP>) compiled.
Compiling vhdl file
"G:/Xilinx/13.2/ISE_DS/EDK/hw/XilinxProcessorIPLib/pcores/plbv46_slave_single_v1
_01_a/hdl/vhdl/plb_slave_attachment.vhd" in Library plbv46_slave_single_v1_01_a.
Entity <plb_slave_attachment> compiled.
Entity <plb_slave_attachment> (Architecture <implementation>) compiled.
Compiling vhdl file
"G:/Xilinx/13.2/ISE_DS/EDK/hw/XilinxProcessorIPLib/pcores/plbv46_slave_single_v1
_01_a/hdl/vhdl/plbv46_slave_single.vhd" in Library plbv46_slave_single_v1_01_a.
Entity <plbv46_slave_single> compiled.
Entity <plbv46_slave_single> (Architecture <implementation>) compiled.
Compiling vhdl file
"G:/Sandboxes/Xilinx/calculator/pcores/vga_char_v1_00_a/data/../hdl/vhdl/vga_cha
r.vhd" in Library vga_char_v1_00_a.
Entity <vga_char> compiled.
Entity <vga_char> (Architecture <IMP>) compiled.


Analyzing HDL attributes ...
Entity name = vga_char
INFO:EDK:1607 - IPTYPE set to value : PERIPHERAL
INFO:EDK:1511 - IMP_NETLIST set to value : TRUE
INFO:EDK:1486 - HDL set to value : VHDL
WARNING:EDK:3588 - Unable to delete temporary XST project file
   G:\Sandboxes\Xilinx\calculator\pcores\vga_char_v1_00_a\data\_vga_char_xst.prj
   : 13
XPS interface files successfully generated ...
Creating development directory ...
Generating command option file ...
Generating readme file ...
Development misc files successfully generated ...
No ProjNavigator support files will be generated at this time ...
No XST synthesis support files will be generated at this time ...
No BFM simulation files will be generated at this time ...
No software driver files will be generated at this time ...

----------------------------------------------------------------------------
--                              Final Report                              --
----------------------------------------------------------------------------
Thank you for using Create and Import Peripheral Wizard! Please find your
peripheral hardware templates under
G:\Sandboxes\Xilinx\calculator/pcores/vga_char_v1_00_a.

Peripheral Summary:

  top name       : vga_char
  version        : 1.00.a
  type           : PLB (v4.6) slave
  features       : slave attachment
                   user memory spaces

Address Block Summary:

  user memory 0  : C_MEM0_BASEADDR
                 : C_MEM0_HIGHADDR
  user memory 1  : C_MEM1_BASEADDR
                 : C_MEM1_HIGHADDR

File Summary

  - HDL source -
  G:\Sandboxes\Xilinx\calculator/pcores/vga_char_v1_00_a/hdl
  top entity     : vhdl/vga_char.vhd
  user logic     : verilog/user_logic.v

  - XPS interface -
  G:\Sandboxes\Xilinx\calculator/pcores/vga_char_v1_00_a/data
  mpd            : vga_char_v2_1_0.mpd
  pao            : vga_char_v2_1_0.pao

  - Misc file -
  G:\Sandboxes\Xilinx\calculator/pcores/vga_char_v1_00_a/devl
  help           : README.txt
  option         : ipwiz.opt
  log            : ipwiz.log


