Release 13.2 Xflow O.61xd (nt64)
Copyright (c) 1995-2011 Xilinx, Inc.  All rights reserved.
xflow.exe -wd implementation -p xc3s250etq144-4 -implement xflow.opt system.ngc 
 
PMSPEC -- Overriding Xilinx file
<G:/Xilinx/13.2/ISE_DS/EDK/spartan3/data/spartan3.acd> with local file
<G:/Xilinx/13.2/ISE_DS/ISE/spartan3/data/spartan3.acd>
.... Copying flowfile G:/Xilinx/13.2/ISE_DS/ISE/xilinx/data/fpga.flw into
working directory G:/Sandboxes/Xilinx/calculator/implementation 

Using Flow File: G:/Sandboxes/Xilinx/calculator/implementation/fpga.flw 
Using Option File(s): 
 G:/Sandboxes/Xilinx/calculator/implementation/xflow.opt 

Creating Script File ... 

#----------------------------------------------#
# Starting program ngdbuild
# ngdbuild -p xc3s250etq144-4 -nt timestamp -bm system.bmm
"G:/Sandboxes/Xilinx/calculator/implementation/system.ngc" -uc system.ucf
system.ngd 
#----------------------------------------------#
Release 13.2 - ngdbuild O.61xd (nt64)
Copyright (c) 1995-2011 Xilinx, Inc.  All rights reserved.
PMSPEC -- Overriding Xilinx file
<G:/Xilinx/13.2/ISE_DS/EDK/spartan3/data/spartan3.acd> with local file
<G:/Xilinx/13.2/ISE_DS/ISE/spartan3/data/spartan3.acd>

Command Line: G:\Xilinx\13.2\ISE_DS\ISE\bin\nt64\unwrapped\ngdbuild.exe -p
xc3s250etq144-4 -nt timestamp -bm system.bmm
G:/Sandboxes/Xilinx/calculator/implementation/system.ngc -uc system.ucf
system.ngd

Reading NGO file "G:/Sandboxes/Xilinx/calculator/implementation/system.ngc" ...
Loading design module
"G:/Sandboxes/Xilinx/calculator/implementation/microblaze_0_wrapper.ngc"...
Loading design module
"G:/Sandboxes/Xilinx/calculator/implementation/mb_plb_wrapper.ngc"...
Loading design module
"G:/Sandboxes/Xilinx/calculator/implementation/ilmb_wrapper.ngc"...
Loading design module
"G:/Sandboxes/Xilinx/calculator/implementation/dlmb_wrapper.ngc"...
Loading design module
"G:/Sandboxes/Xilinx/calculator/implementation/dlmb_cntlr_wrapper.ngc"...
Loading design module
"G:/Sandboxes/Xilinx/calculator/implementation/ilmb_cntlr_wrapper.ngc"...
Loading design module
"G:/Sandboxes/Xilinx/calculator/implementation/lmb_bram_wrapper.ngc"...
Loading design module
"G:/Sandboxes/Xilinx/calculator/implementation/leds_displays_wrapper.ngc"...
Loading design module
"G:/Sandboxes/Xilinx/calculator/implementation/switches_buttons_wrapper.ngc"...
Loading design module
"G:/Sandboxes/Xilinx/calculator/implementation/clock_generator_0_wrapper.ngc"...
Loading design module
"G:/Sandboxes/Xilinx/calculator/implementation/mdm_0_wrapper.ngc"...
Loading design module
"G:/Sandboxes/Xilinx/calculator/implementation/proc_sys_reset_0_wrapper.ngc"...
Loading design module
"G:/Sandboxes/Xilinx/calculator/implementation/xps_ps2_0_wrapper.ngc"...
Gathering constraint information from source properties...
Done.

Annotating constraints to design from ucf file "system.ucf" ...
Resolving constraint associations...
Checking Constraint Associations...
INFO:ConstraintSystem:178 - TNM 'sys_clk_pin', used in period specification
   'TS_sys_clk_pin', was traced into DCM_SP instance
   clock_generator_0/DCM0_INST/Using_Virtex.DCM_INST. The following new TNM
   groups and period specifications were generated at the DCM_SP output(s): 
   CLKFX: <TIMESPEC TS_clock_generator_0_clock_generator_0_SIG_DCM0_CLKFX =
   PERIOD "clock_generator_0_clock_generator_0_SIG_DCM0_CLKFX" TS_sys_clk_pin *
   3.125 HIGH 50%>

Done...

Processing BMM file "system.bmm" ...

Checking expanded design ...
WARNING:NgdBuild:478 - clock net mdm_0/bscan_drck1 with clock driver
   mdm_0/mdm_0/BUFG_DRCK1 drives no clock pins

Partition Implementation Status
-------------------------------

  No Partitions were found in this design.

-------------------------------

NGDBUILD Design Results Summary:
  Number of errors:     0
  Number of warnings:   1

Writing NGD file "system.ngd" ...
Total REAL time to NGDBUILD completion:  31 sec
Total CPU time to NGDBUILD completion:   30 sec

Writing NGDBUILD log file "system.bld"...

NGDBUILD done.



#----------------------------------------------#
# Starting program map
# map -o system_map.ncd -pr b -ol high -timing -detail system.ngd system.pcf 
#----------------------------------------------#
Release 13.2 - Map O.61xd (nt64)
Copyright (c) 1995-2011 Xilinx, Inc.  All rights reserved.
PMSPEC -- Overriding Xilinx file
<G:/Xilinx/13.2/ISE_DS/EDK/data/Xdh_PrimTypeLib.xda> with local file
<G:/Xilinx/13.2/ISE_DS/ISE/data/Xdh_PrimTypeLib.xda>
Using target part "3s250etq144-4".
vvvvvvvvvvvvvvvvvvvvvvvvvvvvvvvvvvvvvvvvvvvvvvvvvvvvvvvvvvvvvvvvvvvvvv
INFO:Security:54 - 'xc3s250e' is a WebPack part.
WARNING:Security:42 - Your software subscription period has lapsed. Your current
version of Xilinx tools will continue to function, but you no longer qualify for
Xilinx software updates or new releases.
----------------------------------------------------------------------
Mapping design into LUTs...
Writing file system_map.ngm...
Running directed packing...
Running delay-based LUT packing...
Updating timing models...
Running timing-driven placement...
Total REAL time at the beginning of Placer: 13 secs 
Total CPU  time at the beginning of Placer: 9 secs 

Phase 1.1  Initial Placement Analysis
Phase 1.1  Initial Placement Analysis (Checksum:4d24d54b) REAL time: 16 secs 

Phase 2.7  Design Feasibility Check
INFO:Place:834 - Only a subset of IOs are locked. Out of 27 IOs, 26 are locked
   and 1 are not locked. If you would like to print the names of these IOs,
   please set the environment variable XIL_PAR_DESIGN_CHECK_VERBOSE to 1. 
Phase 2.7  Design Feasibility Check (Checksum:4d24d54b) REAL time: 16 secs 

Phase 3.31  Local Placement Optimization
Phase 3.31  Local Placement Optimization (Checksum:b2bd2336) REAL time: 16 secs 

Phase 4.2  Initial Clock and IO Placement
.......
Phase 4.2  Initial Clock and IO Placement (Checksum:1b80a242) REAL time: 17 secs 

Phase 5.30  Global Clock Region Assignment
Phase 5.30  Global Clock Region Assignment (Checksum:1b80a242) REAL time: 17 secs 

Phase 6.36  Local Placement Optimization
Phase 6.36  Local Placement Optimization (Checksum:1b80a242) REAL time: 17 secs 

Phase 7.3  Local Placement Optimization
.......
Phase 7.3  Local Placement Optimization (Checksum:34093e4b) REAL time: 17 secs 

Phase 8.5  Local Placement Optimization
Phase 8.5  Local Placement Optimization (Checksum:34093e4b) REAL time: 17 secs 

Phase 9.8  Global Placement
.........................
........................................................................
...
...........................
Phase 9.8  Global Placement (Checksum:982542e7) REAL time: 29 secs 

Phase 10.5  Local Placement Optimization
Phase 10.5  Local Placement Optimization (Checksum:982542e7) REAL time: 29 secs 

Phase 11.18  Placement Optimization
Phase 11.18  Placement Optimization (Checksum:581e1729) REAL time: 38 secs 

Phase 12.5  Local Placement Optimization
Phase 12.5  Local Placement Optimization (Checksum:581e1729) REAL time: 38 secs 

Total REAL time to Placer completion: 39 secs 
Total CPU  time to Placer completion: 32 secs 
Running post-placement packing...

Design Summary:
Number of errors:      0
Number of warnings:    2
Logic Utilization:
  Number of Slice Flip Flops:         1,624 out of   4,896   33%
  Number of 4 input LUTs:             2,536 out of   4,896   51%
Logic Distribution:
  Number of occupied Slices:          1,822 out of   2,448   74%
    Number of Slices containing only related logic:   1,822 out of   1,822 100%
    Number of Slices containing unrelated logic:          0 out of   1,822   0%
      *See NOTES below for an explanation of the effects of unrelated logic.
  Total Number of 4 input LUTs:       2,667 out of   4,896   54%
    Number used as logic:             2,134
    Number used as a route-thru:        131
    Number used for Dual Port RAMs:     256
      (Two LUTs used per Dual Port RAM)
    Number used as Shift registers:     146

  The Slice Logic Distribution report is not meaningful if the design is
  over-mapped for a non-slice resource or if Placement fails.

  Number of bonded IOBs:                 41 out of     108   37%
    IOB Flip Flops:                      31
  Number of RAMB16s:                      4 out of      12   33%
  Number of BUFGMUXs:                     3 out of      24   12%
  Number of DCMs:                         1 out of       4   25%
  Number of BSCANs:                       1 out of       1  100%
  Number of MULT18X18SIOs:                3 out of      12   25%

Average Fanout of Non-Clock Nets:                3.49

Peak Memory Usage:  323 MB
Total REAL time to MAP completion:  41 secs 
Total CPU time to MAP completion:   34 secs 

Mapping completed.
See MAP report file "system_map.mrp" for details.



#----------------------------------------------#
# Starting program par
# par -w -ol high system_map.ncd system.ncd system.pcf 
#----------------------------------------------#
Release 13.2 - par O.61xd (nt64)
Copyright (c) 1995-2011 Xilinx, Inc.  All rights reserved.
PMSPEC -- Overriding Xilinx file <G:/Xilinx/13.2/ISE_DS/EDK/data/parBmgr.acd> with local file
<G:/Xilinx/13.2/ISE_DS/ISE/data/parBmgr.acd>



Constraints file: system.pcf.
Loading device for application Rf_Device from file '3s250e.nph' in environment
G:\Xilinx\13.2\ISE_DS\ISE\;G:\Xilinx\13.2\ISE_DS\EDK.
   "system" is an NCD, version 3.2, device xc3s250e, package tq144, speed -4
vvvvvvvvvvvvvvvvvvvvvvvvvvvvvvvvvvvvvvvvvvvvvvvvvvvvvvvvvvvvvvvvvvvvvv
INFO:Security:54 - 'xc3s250e' is a WebPack part.
WARNING:Security:42 - Your software subscription period has lapsed. Your current version of Xilinx tools will continue
to function, but you no longer qualify for Xilinx software updates or new releases.

----------------------------------------------------------------------

Initializing temperature to 85.000 Celsius. (default - Range: -40.000 to 100.000 Celsius)
Initializing voltage to 1.140 Volts. (default - Range: 1.140 to 1.320 Volts)


Device speed data version:  "PRODUCTION 1.27 2011-06-20".



Design Summary Report:

 Number of External IOBs                          41 out of 108    37%

   Number of External Input IOBs                 14

      Number of External Input IBUFs             14
        Number of LOCed External Input IBUFs     14 out of 14    100%


   Number of External Output IOBs                25

      Number of External Output IOBs             25
        Number of LOCed External Output IOBs     25 out of 25    100%


   Number of External Bidir IOBs                  2

      Number of External Bidir IOBs               2
        Number of LOCed External Bidir IOBs       1 out of 2      50%


   Number of BSCANs                          1 out of 1     100%
   Number of BUFGMUXs                        3 out of 24     12%
   Number of DCMs                            1 out of 4      25%
   Number of MULT18X18SIOs                   3 out of 12     25%
   Number of RAMB16s                         4 out of 12     33%
   Number of Slices                       1822 out of 2448   74%
      Number of SLICEMs                    222 out of 1224   18%



Overall effort level (-ol):   High 
Router effort level (-rl):    High 

Starting initial Timing Analysis.  REAL time: 6 secs 
Finished initial Timing Analysis.  REAL time: 6 secs 

WARNING:Par:288 - The signal dlmb_LMB_ABus<31> has no load.  PAR will not attempt to route this signal.
WARNING:Par:288 - The signal dlmb_LMB_ABus<30> has no load.  PAR will not attempt to route this signal.
Starting Router


Phase  1  : 13932 unrouted;      REAL time: 9 secs 

Phase  2  : 12054 unrouted;      REAL time: 9 secs 

Phase  3  : 4181 unrouted;      REAL time: 11 secs 

Phase  4  : 4181 unrouted; (Setup:0, Hold:0, Component Switching Limit:0)     REAL time: 12 secs 

Phase  5  : 0 unrouted; (Setup:0, Hold:0, Component Switching Limit:0)     REAL time: 16 secs 

Updating file: system.ncd with current fully routed design.

Phase  6  : 0 unrouted; (Setup:0, Hold:0, Component Switching Limit:0)     REAL time: 18 secs 

Phase  7  : 0 unrouted; (Setup:0, Hold:0, Component Switching Limit:0)     REAL time: 18 secs 

Phase  8  : 0 unrouted; (Setup:0, Hold:0, Component Switching Limit:0)     REAL time: 19 secs 
WARNING:Route:455 - CLK Net:fpga_0_clk_1_sys_clk_pin_IBUFG may have excessive skew because 
      1 CLK pins and 0 NON_CLK pins failed to route using a CLK template.
WARNING:Route:455 - CLK Net:mdm_0/Dbg_Update_1 may have excessive skew because 
      6 CLK pins and 0 NON_CLK pins failed to route using a CLK template.

Total REAL time to Router completion: 19 secs 
Total CPU time to Router completion: 18 secs 

Partition Implementation Status
-------------------------------

  No Partitions were found in this design.

-------------------------------

Generating "PAR" statistics.

**************************
Generating Clock Report
**************************

+---------------------+--------------+------+------+------------+-------------+
|        Clock Net    |   Resource   |Locked|Fanout|Net Skew(ns)|Max Delay(ns)|
+---------------------+--------------+------+------+------------+-------------+
|      clk_50_0000MHz |  BUFGMUX_X1Y0| No   | 1295 |  0.052     |  0.121      |
+---------------------+--------------+------+------+------------+-------------+
|     mdm_0/Dbg_Clk_1 | BUFGMUX_X1Y10| No   |  153 |  0.050     |  0.119      |
+---------------------+--------------+------+------+------------+-------------+
|fpga_0_clk_1_sys_clk |              |      |      |            |             |
|          _pin_IBUFG |         Local|      |    3 |  0.002     |  1.548      |
+---------------------+--------------+------+------+------------+-------------+
|  mdm_0/Dbg_Update_1 |         Local|      |   37 |  1.361     |  3.107      |
+---------------------+--------------+------+------+------------+-------------+

* Net Skew is the difference between the minimum and maximum routing
only delays for the net. Note this is different from Clock Skew which
is reported in TRCE timing report. Clock Skew is the difference between
the minimum and maximum path delays which includes logic delays.

* The fanout is the number of component pins not the individual BEL loads,
for example SLICE loads not FF loads.

Timing Score: 0 (Setup: 0, Hold: 0, Component Switching Limit: 0)

Asterisk (*) preceding a constraint indicates it was not met.
   This may be due to a setup or hold violation.

----------------------------------------------------------------------------------------------------------
  Constraint                                |    Check    | Worst Case |  Best Case | Timing |   Timing   
                                            |             |    Slack   | Achievable | Errors |    Score   
----------------------------------------------------------------------------------------------------------
  TS_clock_generator_0_clock_generator_0_SI | SETUP       |     4.995ns|    15.005ns|       0|           0
  G_DCM0_CLKFX = PERIOD TIMEGRP         "cl | HOLD        |     0.809ns|            |       0|           0
  ock_generator_0_clock_generator_0_SIG_DCM |             |            |            |        |            
  0_CLKFX" TS_sys_clk_pin *         3.125 H |             |            |            |        |            
  IGH 50%                                   |             |            |            |        |            
----------------------------------------------------------------------------------------------------------
  TS_sys_clk_pin = PERIOD TIMEGRP "sys_clk_ | SETUP       |    60.824ns|     1.676ns|       0|           0
  pin" 16 MHz HIGH 50%                      | HOLD        |     0.987ns|            |       0|           0
                                            | MINLOWPULSE |    42.500ns|    20.000ns|       0|           0
----------------------------------------------------------------------------------------------------------


Derived Constraint Report
Review Timing Report for more details on the following derived constraints.
To create a Timing Report, run "trce -v 12 -fastpaths -o design_timing_report design.ncd design.pcf"
or "Run Timing Analysis" from Timing Analyzer (timingan).
Derived Constraints for TS_sys_clk_pin
+-------------------------------+-------------+-------------+-------------+-------------+-------------+-------------+-------------+
|                               |   Period    |       Actual Period       |      Timing Errors        |      Paths Analyzed       |
|           Constraint          | Requirement |-------------+-------------|-------------+-------------|-------------+-------------|
|                               |             |   Direct    | Derivative  |   Direct    | Derivative  |   Direct    | Derivative  |
+-------------------------------+-------------+-------------+-------------+-------------+-------------+-------------+-------------+
|TS_sys_clk_pin                 |     62.500ns|     20.000ns|     46.891ns|            0|            0|            3|       149001|
| TS_clock_generator_0_clock_gen|     20.000ns|     15.005ns|          N/A|            0|            0|       149001|            0|
| erator_0_SIG_DCM0_CLKFX       |             |             |             |             |             |             |             |
+-------------------------------+-------------+-------------+-------------+-------------+-------------+-------------+-------------+

All constraints were met.


Generating Pad Report.

All signals are completely routed.

WARNING:Par:283 - There are 2 loadless signals in this design. This design will cause Bitgen to issue DRC warnings.

Total REAL time to PAR completion: 22 secs 
Total CPU time to PAR completion: 19 secs 

Peak Memory Usage:  299 MB

Placer: Placement generated during map.
Routing: Completed - No errors found.
Timing: Completed - No errors found.

Number of error messages: 0
Number of warning messages: 6
Number of info messages: 0

Writing design to file system.ncd



PAR done!



#----------------------------------------------#
# Starting program post_par_trce
# trce -e 3 -xml system.twx system.ncd system.pcf 
#----------------------------------------------#
Release 13.2 - Trace  (nt64)
Copyright (c) 1995-2011 Xilinx, Inc.  All rights reserved.


PMSPEC -- Overriding Xilinx file
<G:/Xilinx/13.2/ISE_DS/EDK/spartan3e/data/spartan3e.acd> with local file
<G:/Xilinx/13.2/ISE_DS/ISE/spartan3e/data/spartan3e.acd>
Loading device for application Rf_Device from file '3s250e.nph' in environment
G:\Xilinx\13.2\ISE_DS\ISE\;G:\Xilinx\13.2\ISE_DS\EDK.
   "system" is an NCD, version 3.2, device xc3s250e, package tq144, speed -4
--------------------------------------------------------------------------------
Release 13.2 Trace  (nt64)
Copyright (c) 1995-2011 Xilinx, Inc.  All rights reserved.

G:\Xilinx\13.2\ISE_DS\ISE\bin\nt64\unwrapped\trce.exe -e 3 -xml system.twx
system.ncd system.pcf


Design file:              system.ncd
Physical constraint file: system.pcf
Device,speed:             xc3s250e,-4 (PRODUCTION 1.27 2011-06-20)
Report level:             error report
--------------------------------------------------------------------------------

INFO:Timing:2752 - To get complete path coverage, use the unconstrained paths
   option. All paths that are not constrained will be reported in the
   unconstrained paths section(s) of the report.
INFO:Timing:3339 - The clock-to-out numbers in this timing report are based on a
   50 Ohm transmission line loading model.  For the details of this model, and
   for more information on accounting for different loading conditions, please
   see the device datasheet.
INFO:Timing:3390 - This architecture does not support a default System Jitter
   value, please add SYSTEM_JITTER constraint to the UCF to modify the Clock
   Uncertainty calculation.
INFO:Timing:3389 - This architecture does not support 'Discrete Jitter' and
   'Phase Error' calculations, these terms will be zero in the Clock Uncertainty
   calculation.  Please make appropriate modification to SYSTEM_JITTER to
   account for the unsupported Discrete Jitter and Phase Error.


Timing summary:
---------------

Timing errors: 0  Score: 0 (Setup/Max: 0, Hold: 0)

Constraints cover 149004 paths, 0 nets, and 12364 connections

Design statistics:
   Minimum period:  20.000ns (Maximum frequency:  50.000MHz)


Analysis completed Thu Apr 04 17:13:09 2013
--------------------------------------------------------------------------------

Generating Report ...

Number of warnings: 0
Number of info messages: 4
Total time: 5 secs 


